{"/Users/hassan/Downloads/smart-reminder/remindme-pro/src/components/location/LocationPicker.tsx": {"path":"/Users/hassan/Downloads/smart-reminder/remindme-pro/src/components/location/LocationPicker.tsx","statementMap":{"0":{"start":{"line":65,"column":27},"end":{"line":65,"column":75}},"1":{"start":{"line":67,"column":23},"end":{"line":67,"column":50}},"2":{"start":{"line":70,"column":17},"end":{"line":70,"column":38}},"3":{"start":{"line":71,"column":40},"end":{"line":71,"column":52}},"4":{"start":{"line":72,"column":40},"end":{"line":72,"column":71}},"5":{"start":{"line":73,"column":40},"end":{"line":73,"column":55}},"6":{"start":{"line":74,"column":50},"end":{"line":82,"column":11}},"7":{"start":{"line":83,"column":30},"end":{"line":83,"column":70}},"8":{"start":{"line":84,"column":30},"end":{"line":89,"column":4}},"9":{"start":{"line":90,"column":52},"end":{"line":90,"column":78}},"10":{"start":{"line":93,"column":2},"end":{"line":97,"column":9}},"11":{"start":{"line":94,"column":4},"end":{"line":96,"column":5}},"12":{"start":{"line":95,"column":6},"end":{"line":95,"column":27}},"13":{"start":{"line":100,"column":2},"end":{"line":107,"column":33}},"14":{"start":{"line":101,"column":4},"end":{"line":106,"column":5}},"15":{"start":{"line":102,"column":6},"end":{"line":105,"column":9}},"16":{"start":{"line":109,"column":29},"end":{"line":137,"column":3}},"17":{"start":{"line":110,"column":4},"end":{"line":110,"column":31}},"18":{"start":{"line":111,"column":4},"end":{"line":136,"column":5}},"19":{"start":{"line":112,"column":25},"end":{"line":112,"column":75}},"20":{"start":{"line":113,"column":6},"end":{"line":117,"column":7}},"21":{"start":{"line":114,"column":8},"end":{"line":114,"column":50}},"22":{"start":{"line":115,"column":8},"end":{"line":115,"column":36}},"23":{"start":{"line":116,"column":8},"end":{"line":116,"column":15}},"24":{"start":{"line":119,"column":23},"end":{"line":121,"column":8}},"25":{"start":{"line":123,"column":24},"end":{"line":128,"column":7}},"26":{"start":{"line":130,"column":6},"end":{"line":130,"column":27}},"27":{"start":{"line":131,"column":6},"end":{"line":131,"column":54}},"28":{"start":{"line":133,"column":6},"end":{"line":133,"column":54}},"29":{"start":{"line":135,"column":6},"end":{"line":135,"column":34}},"30":{"start":{"line":140,"column":27},"end":{"line":140,"column":77}},"31":{"start":{"line":143,"column":23},"end":{"line":253,"column":3}},"32":{"start":{"line":144,"column":4},"end":{"line":147,"column":5}},"33":{"start":{"line":145,"column":6},"end":{"line":145,"column":25}},"34":{"start":{"line":146,"column":6},"end":{"line":146,"column":13}},"35":{"start":{"line":150,"column":4},"end":{"line":152,"column":5}},"36":{"start":{"line":151,"column":6},"end":{"line":151,"column":45}},"37":{"start":{"line":155,"column":4},"end":{"line":252,"column":12}},"38":{"start":{"line":156,"column":6},"end":{"line":156,"column":27}},"39":{"start":{"line":157,"column":6},"end":{"line":251,"column":7}},"40":{"start":{"line":158,"column":8},"end":{"line":161,"column":9}},"41":{"start":{"line":159,"column":10},"end":{"line":159,"column":91}},"42":{"start":{"line":160,"column":10},"end":{"line":160,"column":40}},"43":{"start":{"line":164,"column":23},"end":{"line":171,"column":10}},"44":{"start":{"line":173,"column":25},"end":{"line":181,"column":9}},"45":{"start":{"line":183,"column":8},"end":{"line":187,"column":9}},"46":{"start":{"line":184,"column":28},"end":{"line":184,"column":49}},"47":{"start":{"line":185,"column":10},"end":{"line":185,"column":56}},"48":{"start":{"line":186,"column":10},"end":{"line":186,"column":43}},"49":{"start":{"line":189,"column":44},"end":{"line":189,"column":65}},"50":{"start":{"line":191,"column":56},"end":{"line":218,"column":10}},"51":{"start":{"line":193,"column":27},"end":{"line":193,"column":121}},"52":{"start":{"line":196,"column":30},"end":{"line":196,"column":58}},"53":{"start":{"line":197,"column":10},"end":{"line":206,"column":11}},"54":{"start":{"line":198,"column":25},"end":{"line":198,"column":39}},"55":{"start":{"line":199,"column":12},"end":{"line":205,"column":82}},"56":{"start":{"line":205,"column":41},"end":{"line":205,"column":69}},"57":{"start":{"line":208,"column":10},"end":{"line":217,"column":12}},"58":{"start":{"line":220,"column":8},"end":{"line":220,"column":45}},"59":{"start":{"line":222,"column":8},"end":{"line":222,"column":46}},"60":{"start":{"line":224,"column":8},"end":{"line":247,"column":9}},"61":{"start":{"line":225,"column":26},"end":{"line":225,"column":60}},"62":{"start":{"line":226,"column":10},"end":{"line":244,"column":11}},"63":{"start":{"line":227,"column":44},"end":{"line":227,"column":54}},"64":{"start":{"line":228,"column":35},"end":{"line":228,"column":94}},"65":{"start":{"line":230,"column":12},"end":{"line":243,"column":13}},"66":{"start":{"line":231,"column":27},"end":{"line":231,"column":44}},"67":{"start":{"line":232,"column":14},"end":{"line":241,"column":18}},"68":{"start":{"line":242,"column":14},"end":{"line":242,"column":21}},"69":{"start":{"line":248,"column":8},"end":{"line":248,"column":27}},"70":{"start":{"line":250,"column":8},"end":{"line":250,"column":30}},"71":{"start":{"line":255,"column":33},"end":{"line":281,"column":3}},"72":{"start":{"line":256,"column":4},"end":{"line":256,"column":23}},"73":{"start":{"line":257,"column":4},"end":{"line":257,"column":63}},"74":{"start":{"line":258,"column":4},"end":{"line":258,"column":23}},"75":{"start":{"line":261,"column":36},"end":{"line":261,"column":46}},"76":{"start":{"line":262,"column":25},"end":{"line":262,"column":67}},"77":{"start":{"line":264,"column":24},"end":{"line":268,"column":5}},"78":{"start":{"line":270,"column":4},"end":{"line":270,"column":37}},"79":{"start":{"line":272,"column":22},"end":{"line":277,"column":5}},"80":{"start":{"line":279,"column":4},"end":{"line":279,"column":25}},"81":{"start":{"line":280,"column":4},"end":{"line":280,"column":52}},"82":{"start":{"line":283,"column":25},"end":{"line":311,"column":3}},"83":{"start":{"line":284,"column":36},"end":{"line":284,"column":64}},"84":{"start":{"line":286,"column":4},"end":{"line":310,"column":5}},"85":{"start":{"line":287,"column":29},"end":{"line":287,"column":88}},"86":{"start":{"line":288,"column":25},"end":{"line":288,"column":44}},"87":{"start":{"line":290,"column":6},"end":{"line":295,"column":7}},"88":{"start":{"line":291,"column":21},"end":{"line":291,"column":38}},"89":{"start":{"line":292,"column":8},"end":{"line":294,"column":30}},"90":{"start":{"line":297,"column":6},"end":{"line":301,"column":9}},"91":{"start":{"line":302,"column":6},"end":{"line":302,"column":35}},"92":{"start":{"line":304,"column":6},"end":{"line":304,"column":53}},"93":{"start":{"line":305,"column":6},"end":{"line":309,"column":9}},"94":{"start":{"line":313,"column":23},"end":{"line":317,"column":3}},"95":{"start":{"line":314,"column":25},"end":{"line":314,"column":55}},"96":{"start":{"line":315,"column":21},"end":{"line":315,"column":91}},"97":{"start":{"line":316,"column":4},"end":{"line":316,"column":40}},"98":{"start":{"line":319,"column":23},"end":{"line":324,"column":3}},"99":{"start":{"line":320,"column":4},"end":{"line":322,"column":5}},"100":{"start":{"line":321,"column":6},"end":{"line":321,"column":29}},"101":{"start":{"line":323,"column":4},"end":{"line":323,"column":19}},"102":{"start":{"line":326,"column":2},"end":{"line":490,"column":4}},"103":{"start":{"line":338,"column":14},"end":{"line":338,"column":35}},"104":{"start":{"line":339,"column":14},"end":{"line":339,"column":33}},"105":{"start":{"line":345,"column":16},"end":{"line":345,"column":35}},"106":{"start":{"line":346,"column":16},"end":{"line":346,"column":35}},"107":{"start":{"line":373,"column":14},"end":{"line":390,"column":33}},"108":{"start":{"line":376,"column":31},"end":{"line":376,"column":59}},"109":{"start":{"line":450,"column":27},"end":{"line":450,"column":43}},"110":{"start":{"line":463,"column":27},"end":{"line":463,"column":42}},"111":{"start":{"line":493,"column":15},"end":{"line":687,"column":2}}},"fnMap":{"0":{"name":"LocationPicker","decl":{"start":{"line":69,"column":16},"end":{"line":69,"column":30}},"loc":{"start":{"line":69,"column":91},"end":{"line":491,"column":1}},"line":69},"1":{"name":"(anonymous_1)","decl":{"start":{"line":93,"column":12},"end":{"line":93,"column":13}},"loc":{"start":{"line":93,"column":18},"end":{"line":97,"column":3}},"line":93},"2":{"name":"(anonymous_2)","decl":{"start":{"line":100,"column":12},"end":{"line":100,"column":13}},"loc":{"start":{"line":100,"column":18},"end":{"line":107,"column":3}},"line":100},"3":{"name":"(anonymous_3)","decl":{"start":{"line":109,"column":29},"end":{"line":109,"column":30}},"loc":{"start":{"line":109,"column":41},"end":{"line":137,"column":3}},"line":109},"4":{"name":"(anonymous_4)","decl":{"start":{"line":143,"column":23},"end":{"line":143,"column":24}},"loc":{"start":{"line":143,"column":42},"end":{"line":253,"column":3}},"line":143},"5":{"name":"(anonymous_5)","decl":{"start":{"line":155,"column":42},"end":{"line":155,"column":43}},"loc":{"start":{"line":155,"column":54},"end":{"line":252,"column":5}},"line":155},"6":{"name":"(anonymous_6)","decl":{"start":{"line":191,"column":68},"end":{"line":191,"column":69}},"loc":{"start":{"line":191,"column":87},"end":{"line":218,"column":9}},"line":191},"7":{"name":"(anonymous_7)","decl":{"start":{"line":205,"column":21},"end":{"line":205,"column":22}},"loc":{"start":{"line":205,"column":41},"end":{"line":205,"column":69}},"line":205},"8":{"name":"(anonymous_8)","decl":{"start":{"line":255,"column":33},"end":{"line":255,"column":34}},"loc":{"start":{"line":255,"column":72},"end":{"line":281,"column":3}},"line":255},"9":{"name":"(anonymous_9)","decl":{"start":{"line":283,"column":25},"end":{"line":283,"column":26}},"loc":{"start":{"line":283,"column":116},"end":{"line":311,"column":3}},"line":283},"10":{"name":"(anonymous_10)","decl":{"start":{"line":313,"column":23},"end":{"line":313,"column":24}},"loc":{"start":{"line":313,"column":42},"end":{"line":317,"column":3}},"line":313},"11":{"name":"(anonymous_11)","decl":{"start":{"line":319,"column":23},"end":{"line":319,"column":24}},"loc":{"start":{"line":319,"column":46},"end":{"line":324,"column":3}},"line":319},"12":{"name":"(anonymous_12)","decl":{"start":{"line":337,"column":26},"end":{"line":337,"column":27}},"loc":{"start":{"line":337,"column":36},"end":{"line":340,"column":13}},"line":337},"13":{"name":"(anonymous_13)","decl":{"start":{"line":344,"column":23},"end":{"line":344,"column":24}},"loc":{"start":{"line":344,"column":29},"end":{"line":347,"column":15}},"line":344},"14":{"name":"(anonymous_14)","decl":{"start":{"line":372,"column":29},"end":{"line":372,"column":30}},"loc":{"start":{"line":373,"column":14},"end":{"line":390,"column":33}},"line":373},"15":{"name":"(anonymous_15)","decl":{"start":{"line":376,"column":25},"end":{"line":376,"column":26}},"loc":{"start":{"line":376,"column":31},"end":{"line":376,"column":59}},"line":376},"16":{"name":"(anonymous_16)","decl":{"start":{"line":450,"column":21},"end":{"line":450,"column":22}},"loc":{"start":{"line":450,"column":27},"end":{"line":450,"column":43}},"line":450},"17":{"name":"(anonymous_17)","decl":{"start":{"line":463,"column":21},"end":{"line":463,"column":22}},"loc":{"start":{"line":463,"column":27},"end":{"line":463,"column":42}},"line":463}},"branchMap":{"0":{"loc":{"start":{"line":65,"column":27},"end":{"line":65,"column":75}},"type":"binary-expr","locations":[{"start":{"line":65,"column":27},"end":{"line":65,"column":69}},{"start":{"line":65,"column":73},"end":{"line":65,"column":75}}],"line":65},"1":{"loc":{"start":{"line":78,"column":12},"end":{"line":82,"column":10}},"type":"cond-expr","locations":[{"start":{"line":78,"column":30},"end":{"line":82,"column":3}},{"start":{"line":82,"column":6},"end":{"line":82,"column":10}}],"line":78},"2":{"loc":{"start":{"line":81,"column":18},"end":{"line":81,"column":69}},"type":"binary-expr","locations":[{"start":{"line":81,"column":18},"end":{"line":81,"column":46}},{"start":{"line":81,"column":50},"end":{"line":81,"column":69}}],"line":81},"3":{"loc":{"start":{"line":83,"column":39},"end":{"line":83,"column":69}},"type":"binary-expr","locations":[{"start":{"line":83,"column":39},"end":{"line":83,"column":62}},{"start":{"line":83,"column":66},"end":{"line":83,"column":69}}],"line":83},"4":{"loc":{"start":{"line":85,"column":14},"end":{"line":85,"column":51}},"type":"binary-expr","locations":[{"start":{"line":85,"column":14},"end":{"line":85,"column":39}},{"start":{"line":85,"column":43},"end":{"line":85,"column":51}}],"line":85},"5":{"loc":{"start":{"line":86,"column":15},"end":{"line":86,"column":54}},"type":"binary-expr","locations":[{"start":{"line":86,"column":15},"end":{"line":86,"column":41}},{"start":{"line":86,"column":45},"end":{"line":86,"column":54}}],"line":86},"6":{"loc":{"start":{"line":94,"column":4},"end":{"line":96,"column":5}},"type":"if","locations":[{"start":{"line":94,"column":4},"end":{"line":96,"column":5}},{"start":{},"end":{}}],"line":94},"7":{"loc":{"start":{"line":101,"column":4},"end":{"line":106,"column":5}},"type":"if","locations":[{"start":{"line":101,"column":4},"end":{"line":106,"column":5}},{"start":{},"end":{}}],"line":101},"8":{"loc":{"start":{"line":113,"column":6},"end":{"line":117,"column":7}},"type":"if","locations":[{"start":{"line":113,"column":6},"end":{"line":117,"column":7}},{"start":{},"end":{}}],"line":113},"9":{"loc":{"start":{"line":144,"column":4},"end":{"line":147,"column":5}},"type":"if","locations":[{"start":{"line":144,"column":4},"end":{"line":147,"column":5}},{"start":{},"end":{}}],"line":144},"10":{"loc":{"start":{"line":150,"column":4},"end":{"line":152,"column":5}},"type":"if","locations":[{"start":{"line":150,"column":4},"end":{"line":152,"column":5}},{"start":{},"end":{}}],"line":150},"11":{"loc":{"start":{"line":158,"column":8},"end":{"line":161,"column":9}},"type":"if","locations":[{"start":{"line":158,"column":8},"end":{"line":161,"column":9}},{"start":{},"end":{}}],"line":158},"12":{"loc":{"start":{"line":183,"column":8},"end":{"line":187,"column":9}},"type":"if","locations":[{"start":{"line":183,"column":8},"end":{"line":187,"column":9}},{"start":{},"end":{}}],"line":183},"13":{"loc":{"start":{"line":193,"column":27},"end":{"line":193,"column":121}},"type":"binary-expr","locations":[{"start":{"line":193,"column":27},"end":{"line":193,"column":47}},{"start":{"line":193,"column":51},"end":{"line":193,"column":71}},{"start":{"line":193,"column":75},"end":{"line":193,"column":108}},{"start":{"line":193,"column":112},"end":{"line":193,"column":121}}],"line":193},"14":{"loc":{"start":{"line":196,"column":30},"end":{"line":196,"column":58}},"type":"binary-expr","locations":[{"start":{"line":196,"column":30},"end":{"line":196,"column":52}},{"start":{"line":196,"column":56},"end":{"line":196,"column":58}}],"line":196},"15":{"loc":{"start":{"line":197,"column":10},"end":{"line":206,"column":11}},"type":"if","locations":[{"start":{"line":197,"column":10},"end":{"line":206,"column":11}},{"start":{},"end":{}}],"line":197},"16":{"loc":{"start":{"line":197,"column":14},"end":{"line":197,"column":46}},"type":"binary-expr","locations":[{"start":{"line":197,"column":14},"end":{"line":197,"column":28}},{"start":{"line":197,"column":32},"end":{"line":197,"column":46}}],"line":197},"17":{"loc":{"start":{"line":202,"column":14},"end":{"line":202,"column":52}},"type":"binary-expr","locations":[{"start":{"line":202,"column":14},"end":{"line":202,"column":23}},{"start":{"line":202,"column":27},"end":{"line":202,"column":36}},{"start":{"line":202,"column":40},"end":{"line":202,"column":52}}],"line":202},"18":{"loc":{"start":{"line":205,"column":41},"end":{"line":205,"column":69}},"type":"binary-expr","locations":[{"start":{"line":205,"column":41},"end":{"line":205,"column":51}},{"start":{"line":205,"column":55},"end":{"line":205,"column":69}}],"line":205},"19":{"loc":{"start":{"line":226,"column":10},"end":{"line":244,"column":11}},"type":"if","locations":[{"start":{"line":226,"column":10},"end":{"line":244,"column":11}},{"start":{},"end":{}}],"line":226},"20":{"loc":{"start":{"line":230,"column":12},"end":{"line":243,"column":13}},"type":"if","locations":[{"start":{"line":230,"column":12},"end":{"line":243,"column":13}},{"start":{},"end":{}}],"line":230},"21":{"loc":{"start":{"line":238,"column":29},"end":{"line":238,"column":62}},"type":"binary-expr","locations":[{"start":{"line":238,"column":29},"end":{"line":238,"column":38}},{"start":{"line":238,"column":42},"end":{"line":238,"column":53}},{"start":{"line":238,"column":57},"end":{"line":238,"column":62}}],"line":238},"22":{"loc":{"start":{"line":290,"column":6},"end":{"line":295,"column":7}},"type":"if","locations":[{"start":{"line":290,"column":6},"end":{"line":295,"column":7}},{"start":{},"end":{}}],"line":290},"23":{"loc":{"start":{"line":292,"column":23},"end":{"line":294,"column":29}},"type":"binary-expr","locations":[{"start":{"line":292,"column":23},"end":{"line":292,"column":32}},{"start":{"line":292,"column":36},"end":{"line":292,"column":47}},{"start":{"line":293,"column":10},"end":{"line":293,"column":61}},{"start":{"line":294,"column":10},"end":{"line":294,"column":29}}],"line":292},"24":{"loc":{"start":{"line":320,"column":4},"end":{"line":322,"column":5}},"type":"if","locations":[{"start":{"line":320,"column":4},"end":{"line":322,"column":5}},{"start":{},"end":{}}],"line":320},"25":{"loc":{"start":{"line":342,"column":11},"end":{"line":352,"column":11}},"type":"binary-expr","locations":[{"start":{"line":342,"column":11},"end":{"line":342,"column":33}},{"start":{"line":343,"column":12},"end":{"line":351,"column":31}}],"line":342},"26":{"loc":{"start":{"line":365,"column":7},"end":{"line":394,"column":7}},"type":"binary-expr","locations":[{"start":{"line":365,"column":7},"end":{"line":365,"column":29}},{"start":{"line":366,"column":8},"end":{"line":393,"column":15}}],"line":365},"27":{"loc":{"start":{"line":398,"column":9},"end":{"line":435,"column":9}},"type":"cond-expr","locations":[{"start":{"line":399,"column":10},"end":{"line":402,"column":17}},{"start":{"line":404,"column":10},"end":{"line":434,"column":20}}],"line":398},"28":{"loc":{"start":{"line":407,"column":22},"end":{"line":407,"column":77}},"type":"cond-expr","locations":[{"start":{"line":407,"column":50},"end":{"line":407,"column":65}},{"start":{"line":407,"column":68},"end":{"line":407,"column":77}}],"line":407},"29":{"loc":{"start":{"line":413,"column":13},"end":{"line":433,"column":13}},"type":"binary-expr","locations":[{"start":{"line":413,"column":13},"end":{"line":413,"column":29}},{"start":{"line":414,"column":14},"end":{"line":432,"column":17}}],"line":413},"30":{"loc":{"start":{"line":438,"column":9},"end":{"line":442,"column":9}},"type":"binary-expr","locations":[{"start":{"line":438,"column":9},"end":{"line":438,"column":26}},{"start":{"line":438,"column":30},"end":{"line":438,"column":48}},{"start":{"line":439,"column":10},"end":{"line":441,"column":17}}],"line":438},"31":{"loc":{"start":{"line":451,"column":41},"end":{"line":451,"column":100}},"type":"binary-expr","locations":[{"start":{"line":451,"column":41},"end":{"line":451,"column":69}},{"start":{"line":451,"column":73},"end":{"line":451,"column":100}}],"line":451},"32":{"loc":{"start":{"line":455,"column":36},"end":{"line":455,"column":88}},"type":"cond-expr","locations":[{"start":{"line":455,"column":67},"end":{"line":455,"column":76}},{"start":{"line":455,"column":79},"end":{"line":455,"column":88}}],"line":455},"33":{"loc":{"start":{"line":464,"column":41},"end":{"line":464,"column":124}},"type":"binary-expr","locations":[{"start":{"line":464,"column":41},"end":{"line":464,"column":93}},{"start":{"line":464,"column":97},"end":{"line":464,"column":124}}],"line":464},"34":{"loc":{"start":{"line":468,"column":35},"end":{"line":468,"column":111}},"type":"cond-expr","locations":[{"start":{"line":468,"column":90},"end":{"line":468,"column":99}},{"start":{"line":468,"column":102},"end":{"line":468,"column":111}}],"line":468},"35":{"loc":{"start":{"line":474,"column":7},"end":{"line":488,"column":7}},"type":"binary-expr","locations":[{"start":{"line":474,"column":7},"end":{"line":474,"column":23}},{"start":{"line":475,"column":8},"end":{"line":487,"column":15}}],"line":474}},"s":{"0":0,"1":0,"2":0,"3":0,"4":0,"5":0,"6":0,"7":0,"8":0,"9":0,"10":0,"11":0,"12":0,"13":0,"14":0,"15":0,"16":0,"17":0,"18":0,"19":0,"20":0,"21":0,"22":0,"23":0,"24":0,"25":0,"26":0,"27":0,"28":0,"29":0,"30":0,"31":0,"32":0,"33":0,"34":0,"35":0,"36":0,"37":0,"38":0,"39":0,"40":0,"41":0,"42":0,"43":0,"44":0,"45":0,"46":0,"47":0,"48":0,"49":0,"50":0,"51":0,"52":0,"53":0,"54":0,"55":0,"56":0,"57":0,"58":0,"59":0,"60":0,"61":0,"62":0,"63":0,"64":0,"65":0,"66":0,"67":0,"68":0,"69":0,"70":0,"71":0,"72":0,"73":0,"74":0,"75":0,"76":0,"77":0,"78":0,"79":0,"80":0,"81":0,"82":0,"83":0,"84":0,"85":0,"86":0,"87":0,"88":0,"89":0,"90":0,"91":0,"92":0,"93":0,"94":0,"95":0,"96":0,"97":0,"98":0,"99":0,"100":0,"101":0,"102":0,"103":0,"104":0,"105":0,"106":0,"107":0,"108":0,"109":0,"110":0,"111":0},"f":{"0":0,"1":0,"2":0,"3":0,"4":0,"5":0,"6":0,"7":0,"8":0,"9":0,"10":0,"11":0,"12":0,"13":0,"14":0,"15":0,"16":0,"17":0},"b":{"0":[0,0],"1":[0,0],"2":[0,0],"3":[0,0],"4":[0,0],"5":[0,0],"6":[0,0],"7":[0,0],"8":[0,0],"9":[0,0],"10":[0,0],"11":[0,0],"12":[0,0],"13":[0,0,0,0],"14":[0,0],"15":[0,0],"16":[0,0],"17":[0,0,0],"18":[0,0],"19":[0,0],"20":[0,0],"21":[0,0,0],"22":[0,0],"23":[0,0,0,0],"24":[0,0],"25":[0,0],"26":[0,0],"27":[0,0],"28":[0,0],"29":[0,0],"30":[0,0,0],"31":[0,0],"32":[0,0],"33":[0,0],"34":[0,0],"35":[0,0]}}
,"/Users/hassan/Downloads/smart-reminder/remindme-pro/src/components/reminders/ReminderCard.tsx": {"path":"/Users/hassan/Downloads/smart-reminder/remindme-pro/src/components/reminders/ReminderCard.tsx","statementMap":{"0":{"start":{"line":16,"column":22},"end":{"line":20,"column":1}},"1":{"start":{"line":22,"column":23},"end":{"line":26,"column":1}},"2":{"start":{"line":29,"column":23},"end":{"line":29,"column":61}},"3":{"start":{"line":30,"column":24},"end":{"line":30,"column":57}},"4":{"start":{"line":31,"column":20},"end":{"line":31,"column":103}},"5":{"start":{"line":33,"column":23},"end":{"line":39,"column":3}},"6":{"start":{"line":34,"column":4},"end":{"line":34,"column":41}},"7":{"start":{"line":34,"column":29},"end":{"line":34,"column":41}},"8":{"start":{"line":35,"column":17},"end":{"line":35,"column":45}},"9":{"start":{"line":36,"column":4},"end":{"line":36,"column":67}},"10":{"start":{"line":36,"column":23},"end":{"line":36,"column":67}},"11":{"start":{"line":37,"column":4},"end":{"line":37,"column":73}},"12":{"start":{"line":37,"column":26},"end":{"line":37,"column":73}},"13":{"start":{"line":38,"column":4},"end":{"line":38,"column":41}},"14":{"start":{"line":41,"column":2},"end":{"line":139,"column":4}},"15":{"start":{"line":58,"column":14},"end":{"line":58,"column":34}},"16":{"start":{"line":59,"column":14},"end":{"line":61,"column":15}},"17":{"start":{"line":60,"column":16},"end":{"line":60,"column":29}},"18":{"start":{"line":142,"column":15},"end":{"line":261,"column":2}}},"fnMap":{"0":{"name":"ReminderCard","decl":{"start":{"line":28,"column":16},"end":{"line":28,"column":28}},"loc":{"start":{"line":28,"column":83},"end":{"line":140,"column":1}},"line":28},"1":{"name":"(anonymous_1)","decl":{"start":{"line":33,"column":23},"end":{"line":33,"column":24}},"loc":{"start":{"line":33,"column":29},"end":{"line":39,"column":3}},"line":33},"2":{"name":"(anonymous_2)","decl":{"start":{"line":57,"column":21},"end":{"line":57,"column":22}},"loc":{"start":{"line":57,"column":28},"end":{"line":62,"column":13}},"line":57}},"branchMap":{"0":{"loc":{"start":{"line":31,"column":20},"end":{"line":31,"column":103}},"type":"binary-expr","locations":[{"start":{"line":31,"column":20},"end":{"line":31,"column":38}},{"start":{"line":31,"column":42},"end":{"line":31,"column":78}},{"start":{"line":31,"column":82},"end":{"line":31,"column":103}}],"line":31},"1":{"loc":{"start":{"line":34,"column":4},"end":{"line":34,"column":41}},"type":"if","locations":[{"start":{"line":34,"column":4},"end":{"line":34,"column":41}},{"start":{},"end":{}}],"line":34},"2":{"loc":{"start":{"line":36,"column":4},"end":{"line":36,"column":67}},"type":"if","locations":[{"start":{"line":36,"column":4},"end":{"line":36,"column":67}},{"start":{},"end":{}}],"line":36},"3":{"loc":{"start":{"line":37,"column":4},"end":{"line":37,"column":73}},"type":"if","locations":[{"start":{"line":37,"column":4},"end":{"line":37,"column":73}},{"start":{},"end":{}}],"line":37},"4":{"loc":{"start":{"line":46,"column":8},"end":{"line":46,"column":52}},"type":"binary-expr","locations":[{"start":{"line":46,"column":8},"end":{"line":46,"column":28}},{"start":{"line":46,"column":32},"end":{"line":46,"column":52}}],"line":46},"5":{"loc":{"start":{"line":47,"column":8},"end":{"line":47,"column":39}},"type":"binary-expr","locations":[{"start":{"line":47,"column":8},"end":{"line":47,"column":17}},{"start":{"line":47,"column":21},"end":{"line":47,"column":39}}],"line":47},"6":{"loc":{"start":{"line":59,"column":14},"end":{"line":61,"column":15}},"type":"if","locations":[{"start":{"line":59,"column":14},"end":{"line":61,"column":15}},{"start":{},"end":{}}],"line":59},"7":{"loc":{"start":{"line":65,"column":14},"end":{"line":65,"column":62}},"type":"binary-expr","locations":[{"start":{"line":65,"column":14},"end":{"line":65,"column":34}},{"start":{"line":65,"column":38},"end":{"line":65,"column":62}}],"line":65},"8":{"loc":{"start":{"line":68,"column":13},"end":{"line":70,"column":13}},"type":"binary-expr","locations":[{"start":{"line":68,"column":13},"end":{"line":68,"column":33}},{"start":{"line":69,"column":14},"end":{"line":69,"column":65}}],"line":68},"9":{"loc":{"start":{"line":78,"column":16},"end":{"line":78,"column":61}},"type":"binary-expr","locations":[{"start":{"line":78,"column":16},"end":{"line":78,"column":36}},{"start":{"line":78,"column":40},"end":{"line":78,"column":61}}],"line":78},"10":{"loc":{"start":{"line":85,"column":13},"end":{"line":89,"column":13}},"type":"binary-expr","locations":[{"start":{"line":85,"column":13},"end":{"line":85,"column":27}},{"start":{"line":86,"column":14},"end":{"line":88,"column":21}}],"line":85},"11":{"loc":{"start":{"line":94,"column":15},"end":{"line":101,"column":15}},"type":"binary-expr","locations":[{"start":{"line":94,"column":15},"end":{"line":94,"column":39}},{"start":{"line":94,"column":43},"end":{"line":94,"column":61}},{"start":{"line":95,"column":16},"end":{"line":100,"column":23}}],"line":94},"12":{"loc":{"start":{"line":95,"column":48},"end":{"line":95,"column":84}},"type":"binary-expr","locations":[{"start":{"line":95,"column":48},"end":{"line":95,"column":57}},{"start":{"line":95,"column":61},"end":{"line":95,"column":84}}],"line":95},"13":{"loc":{"start":{"line":96,"column":42},"end":{"line":96,"column":75}},"type":"cond-expr","locations":[{"start":{"line":96,"column":54},"end":{"line":96,"column":63}},{"start":{"line":96,"column":66},"end":{"line":96,"column":75}}],"line":96},"14":{"loc":{"start":{"line":97,"column":49},"end":{"line":97,"column":84}},"type":"binary-expr","locations":[{"start":{"line":97,"column":49},"end":{"line":97,"column":58}},{"start":{"line":97,"column":62},"end":{"line":97,"column":84}}],"line":97},"15":{"loc":{"start":{"line":104,"column":15},"end":{"line":111,"column":15}},"type":"binary-expr","locations":[{"start":{"line":104,"column":15},"end":{"line":104,"column":43}},{"start":{"line":105,"column":16},"end":{"line":110,"column":23}}],"line":104},"16":{"loc":{"start":{"line":108,"column":21},"end":{"line":108,"column":56}},"type":"binary-expr","locations":[{"start":{"line":108,"column":21},"end":{"line":108,"column":42}},{"start":{"line":108,"column":46},"end":{"line":108,"column":56}}],"line":108},"17":{"loc":{"start":{"line":123,"column":13},"end":{"line":127,"column":13}},"type":"binary-expr","locations":[{"start":{"line":123,"column":13},"end":{"line":123,"column":41}},{"start":{"line":124,"column":14},"end":{"line":126,"column":21}}],"line":123},"18":{"loc":{"start":{"line":130,"column":13},"end":{"line":134,"column":13}},"type":"binary-expr","locations":[{"start":{"line":130,"column":14},"end":{"line":130,"column":37}},{"start":{"line":130,"column":41},"end":{"line":130,"column":69}},{"start":{"line":131,"column":14},"end":{"line":133,"column":21}}],"line":130}},"s":{"0":0,"1":0,"2":0,"3":0,"4":0,"5":0,"6":0,"7":0,"8":0,"9":0,"10":0,"11":0,"12":0,"13":0,"14":0,"15":0,"16":0,"17":0,"18":0},"f":{"0":0,"1":0,"2":0},"b":{"0":[0,0,0],"1":[0,0],"2":[0,0],"3":[0,0],"4":[0,0],"5":[0,0],"6":[0,0],"7":[0,0],"8":[0,0],"9":[0,0],"10":[0,0],"11":[0,0,0],"12":[0,0],"13":[0,0],"14":[0,0],"15":[0,0],"16":[0,0],"17":[0,0],"18":[0,0,0]}}
,"/Users/hassan/Downloads/smart-reminder/remindme-pro/src/components/ui/Badge.tsx": {"path":"/Users/hassan/Downloads/smart-reminder/remindme-pro/src/components/ui/Badge.tsx","statementMap":{"0":{"start":{"line":11,"column":22},"end":{"line":32,"column":1}},"1":{"start":{"line":35,"column":23},"end":{"line":35,"column":45}},"2":{"start":{"line":37,"column":2},"end":{"line":43,"column":4}},"3":{"start":{"line":46,"column":15},"end":{"line":57,"column":2}}},"fnMap":{"0":{"name":"Badge","decl":{"start":{"line":34,"column":16},"end":{"line":34,"column":21}},"loc":{"start":{"line":34,"column":87},"end":{"line":44,"column":1}},"line":34}},"branchMap":{"0":{"loc":{"start":{"line":34,"column":34},"end":{"line":34,"column":53}},"type":"default-arg","locations":[{"start":{"line":34,"column":44},"end":{"line":34,"column":53}}],"line":34}},"s":{"0":0,"1":0,"2":0,"3":0},"f":{"0":0},"b":{"0":[0]}}
,"/Users/hassan/Downloads/smart-reminder/remindme-pro/src/components/ui/Button.tsx": {"path":"/Users/hassan/Downloads/smart-reminder/remindme-pro/src/components/ui/Button.tsx","statementMap":{"0":{"start":{"line":25,"column":23},"end":{"line":31,"column":3}},"1":{"start":{"line":33,"column":21},"end":{"line":37,"column":3}},"2":{"start":{"line":39,"column":2},"end":{"line":58,"column":4}},"3":{"start":{"line":61,"column":15},"end":{"line":132,"column":2}}},"fnMap":{"0":{"name":"Button","decl":{"start":{"line":15,"column":16},"end":{"line":15,"column":22}},"loc":{"start":{"line":24,"column":16},"end":{"line":59,"column":1}},"line":24}},"branchMap":{"0":{"loc":{"start":{"line":18,"column":2},"end":{"line":18,"column":21}},"type":"default-arg","locations":[{"start":{"line":18,"column":12},"end":{"line":18,"column":21}}],"line":18},"1":{"loc":{"start":{"line":19,"column":2},"end":{"line":19,"column":13}},"type":"default-arg","locations":[{"start":{"line":19,"column":9},"end":{"line":19,"column":13}}],"line":19},"2":{"loc":{"start":{"line":20,"column":2},"end":{"line":20,"column":17}},"type":"default-arg","locations":[{"start":{"line":20,"column":12},"end":{"line":20,"column":17}}],"line":20},"3":{"loc":{"start":{"line":21,"column":2},"end":{"line":21,"column":18}},"type":"default-arg","locations":[{"start":{"line":21,"column":13},"end":{"line":21,"column":18}}],"line":21},"4":{"loc":{"start":{"line":29,"column":4},"end":{"line":29,"column":44}},"type":"binary-expr","locations":[{"start":{"line":29,"column":5},"end":{"line":29,"column":13}},{"start":{"line":29,"column":17},"end":{"line":29,"column":24}},{"start":{"line":29,"column":29},"end":{"line":29,"column":44}}],"line":29},"5":{"loc":{"start":{"line":42,"column":16},"end":{"line":42,"column":35}},"type":"binary-expr","locations":[{"start":{"line":42,"column":16},"end":{"line":42,"column":24}},{"start":{"line":42,"column":28},"end":{"line":42,"column":35}}],"line":42},"6":{"loc":{"start":{"line":46,"column":7},"end":{"line":56,"column":7}},"type":"cond-expr","locations":[{"start":{"line":47,"column":8},"end":{"line":50,"column":10}},{"start":{"line":52,"column":8},"end":{"line":55,"column":15}}],"line":46},"7":{"loc":{"start":{"line":48,"column":17},"end":{"line":48,"column":86}},"type":"cond-expr","locations":[{"start":{"line":48,"column":65},"end":{"line":48,"column":74}},{"start":{"line":48,"column":77},"end":{"line":48,"column":86}}],"line":48},"8":{"loc":{"start":{"line":48,"column":17},"end":{"line":48,"column":62}},"type":"binary-expr","locations":[{"start":{"line":48,"column":17},"end":{"line":48,"column":38}},{"start":{"line":48,"column":42},"end":{"line":48,"column":62}}],"line":48}},"s":{"0":0,"1":0,"2":0,"3":0},"f":{"0":0},"b":{"0":[0],"1":[0],"2":[0],"3":[0],"4":[0,0,0],"5":[0,0],"6":[0,0],"7":[0,0],"8":[0,0]}}
,"/Users/hassan/Downloads/smart-reminder/remindme-pro/src/components/ui/Card.tsx": {"path":"/Users/hassan/Downloads/smart-reminder/remindme-pro/src/components/ui/Card.tsx","statementMap":{"0":{"start":{"line":11,"column":2},"end":{"line":21,"column":3}},"1":{"start":{"line":12,"column":4},"end":{"line":20,"column":6}},"2":{"start":{"line":23,"column":2},"end":{"line":23,"column":62}},"3":{"start":{"line":26,"column":15},"end":{"line":37,"column":2}}},"fnMap":{"0":{"name":"Card","decl":{"start":{"line":10,"column":16},"end":{"line":10,"column":20}},"loc":{"start":{"line":10,"column":62},"end":{"line":24,"column":1}},"line":10}},"branchMap":{"0":{"loc":{"start":{"line":11,"column":2},"end":{"line":21,"column":3}},"type":"if","locations":[{"start":{"line":11,"column":2},"end":{"line":21,"column":3}},{"start":{},"end":{}}],"line":11}},"s":{"0":0,"1":0,"2":0,"3":0},"f":{"0":0},"b":{"0":[0,0]}}
,"/Users/hassan/Downloads/smart-reminder/remindme-pro/src/components/ui/Input.tsx": {"path":"/Users/hassan/Downloads/smart-reminder/remindme-pro/src/components/ui/Input.tsx","statementMap":{"0":{"start":{"line":17,"column":2},"end":{"line":35,"column":4}},"1":{"start":{"line":38,"column":15},"end":{"line":78,"column":2}}},"fnMap":{"0":{"name":"Input","decl":{"start":{"line":10,"column":16},"end":{"line":10,"column":21}},"loc":{"start":{"line":16,"column":15},"end":{"line":36,"column":1}},"line":16}},"branchMap":{"0":{"loc":{"start":{"line":19,"column":7},"end":{"line":19,"column":57}},"type":"binary-expr","locations":[{"start":{"line":19,"column":7},"end":{"line":19,"column":12}},{"start":{"line":19,"column":16},"end":{"line":19,"column":57}}],"line":19},"1":{"loc":{"start":{"line":21,"column":9},"end":{"line":21,"column":65}},"type":"binary-expr","locations":[{"start":{"line":21,"column":9},"end":{"line":21,"column":13}},{"start":{"line":21,"column":17},"end":{"line":21,"column":65}}],"line":21},"2":{"loc":{"start":{"line":25,"column":12},"end":{"line":25,"column":46}},"type":"cond-expr","locations":[{"start":{"line":25,"column":19},"end":{"line":25,"column":39}},{"start":{"line":25,"column":42},"end":{"line":25,"column":46}}],"line":25},"3":{"loc":{"start":{"line":26,"column":12},"end":{"line":26,"column":44}},"type":"cond-expr","locations":[{"start":{"line":26,"column":20},"end":{"line":26,"column":37}},{"start":{"line":26,"column":40},"end":{"line":26,"column":44}}],"line":26},"4":{"loc":{"start":{"line":33,"column":7},"end":{"line":33,"column":57}},"type":"binary-expr","locations":[{"start":{"line":33,"column":7},"end":{"line":33,"column":12}},{"start":{"line":33,"column":16},"end":{"line":33,"column":57}}],"line":33}},"s":{"0":0,"1":0},"f":{"0":0},"b":{"0":[0,0],"1":[0,0],"2":[0,0],"3":[0,0],"4":[0,0]}}
,"/Users/hassan/Downloads/smart-reminder/remindme-pro/src/components/ui/index.ts": {"path":"/Users/hassan/Downloads/smart-reminder/remindme-pro/src/components/ui/index.ts","statementMap":{},"fnMap":{},"branchMap":{},"s":{},"f":{},"b":{}}
,"/Users/hassan/Downloads/smart-reminder/remindme-pro/src/hooks/useReminders.ts": {"path":"/Users/hassan/Downloads/smart-reminder/remindme-pro/src/hooks/useReminders.ts","statementMap":{"0":{"start":{"line":16,"column":2},"end":{"line":16,"column":34}},"1":{"start":{"line":16,"column":27},"end":{"line":16,"column":34}},"2":{"start":{"line":18,"column":2},"end":{"line":29,"column":3}},"3":{"start":{"line":20,"column":4},"end":{"line":20,"column":74}},"4":{"start":{"line":23,"column":22},"end":{"line":23,"column":41}},"5":{"start":{"line":24,"column":4},"end":{"line":26,"column":5}},"6":{"start":{"line":25,"column":6},"end":{"line":25,"column":37}},"7":{"start":{"line":28,"column":4},"end":{"line":28,"column":59}},"8":{"start":{"line":33,"column":19},"end":{"line":33,"column":33}},"9":{"start":{"line":35,"column":2},"end":{"line":39,"column":5}},"10":{"start":{"line":37,"column":19},"end":{"line":37,"column":54}},"11":{"start":{"line":43,"column":19},"end":{"line":43,"column":33}},"12":{"start":{"line":45,"column":2},"end":{"line":49,"column":5}},"13":{"start":{"line":47,"column":19},"end":{"line":47,"column":57}},"14":{"start":{"line":53,"column":19},"end":{"line":53,"column":33}},"15":{"start":{"line":55,"column":2},"end":{"line":59,"column":5}},"16":{"start":{"line":57,"column":19},"end":{"line":57,"column":56}},"17":{"start":{"line":63,"column":2},"end":{"line":67,"column":5}},"18":{"start":{"line":65,"column":19},"end":{"line":65,"column":49}},"19":{"start":{"line":71,"column":22},"end":{"line":71,"column":38}},"20":{"start":{"line":72,"column":19},"end":{"line":72,"column":33}},"21":{"start":{"line":74,"column":2},"end":{"line":123,"column":5}},"22":{"start":{"line":76,"column":23},"end":{"line":76,"column":71}},"23":{"start":{"line":79,"column":6},"end":{"line":85,"column":7}},"24":{"start":{"line":80,"column":31},"end":{"line":80,"column":85}},"25":{"start":{"line":81,"column":8},"end":{"line":84,"column":9}},"26":{"start":{"line":82,"column":10},"end":{"line":82,"column":85}},"27":{"start":{"line":83,"column":10},"end":{"line":83,"column":51}},"28":{"start":{"line":88,"column":6},"end":{"line":116,"column":8}},"29":{"start":{"line":118,"column":6},"end":{"line":118,"column":22}},"30":{"start":{"line":121,"column":6},"end":{"line":121,"column":65}},"31":{"start":{"line":127,"column":22},"end":{"line":127,"column":38}},"32":{"start":{"line":128,"column":19},"end":{"line":128,"column":33}},"33":{"start":{"line":130,"column":2},"end":{"line":184,"column":5}},"34":{"start":{"line":132,"column":22},"end":{"line":132,"column":63}},"35":{"start":{"line":135,"column":6},"end":{"line":145,"column":7}},"36":{"start":{"line":136,"column":8},"end":{"line":138,"column":9}},"37":{"start":{"line":137,"column":10},"end":{"line":137,"column":77}},"38":{"start":{"line":139,"column":8},"end":{"line":144,"column":9}},"39":{"start":{"line":140,"column":33},"end":{"line":140,"column":86}},"40":{"start":{"line":141,"column":10},"end":{"line":143,"column":11}},"41":{"start":{"line":142,"column":12},"end":{"line":142,"column":86}},"42":{"start":{"line":148,"column":6},"end":{"line":176,"column":8}},"43":{"start":{"line":178,"column":6},"end":{"line":178,"column":21}},"44":{"start":{"line":181,"column":6},"end":{"line":181,"column":65}},"45":{"start":{"line":182,"column":6},"end":{"line":182,"column":68}},"46":{"start":{"line":188,"column":22},"end":{"line":188,"column":38}},"47":{"start":{"line":189,"column":19},"end":{"line":189,"column":33}},"48":{"start":{"line":191,"column":2},"end":{"line":238,"column":5}},"49":{"start":{"line":193,"column":23},"end":{"line":193,"column":59}},"50":{"start":{"line":196,"column":6},"end":{"line":198,"column":7}},"51":{"start":{"line":197,"column":8},"end":{"line":197,"column":76}},"52":{"start":{"line":200,"column":24},"end":{"line":200,"column":61}},"53":{"start":{"line":203,"column":6},"end":{"line":231,"column":8}},"54":{"start":{"line":233,"column":6},"end":{"line":233,"column":23}},"55":{"start":{"line":236,"column":6},"end":{"line":236,"column":65}},"56":{"start":{"line":242,"column":22},"end":{"line":242,"column":38}},"57":{"start":{"line":243,"column":19},"end":{"line":243,"column":33}},"58":{"start":{"line":245,"column":2},"end":{"line":267,"column":5}},"59":{"start":{"line":247,"column":23},"end":{"line":247,"column":59}},"60":{"start":{"line":250,"column":6},"end":{"line":252,"column":7}},"61":{"start":{"line":251,"column":8},"end":{"line":251,"column":76}},"62":{"start":{"line":254,"column":6},"end":{"line":254,"column":42}},"63":{"start":{"line":257,"column":6},"end":{"line":262,"column":8}},"64":{"start":{"line":265,"column":6},"end":{"line":265,"column":65}},"65":{"start":{"line":271,"column":19},"end":{"line":271,"column":33}},"66":{"start":{"line":273,"column":2},"end":{"line":277,"column":5}},"67":{"start":{"line":275,"column":19},"end":{"line":275,"column":59}}},"fnMap":{"0":{"name":"syncReminderToCloud","decl":{"start":{"line":9,"column":15},"end":{"line":9,"column":34}},"loc":{"start":{"line":14,"column":2},"end":{"line":30,"column":1}},"line":14},"1":{"name":"useReminders","decl":{"start":{"line":32,"column":16},"end":{"line":32,"column":28}},"loc":{"start":{"line":32,"column":31},"end":{"line":40,"column":1}},"line":32},"2":{"name":"(anonymous_2)","decl":{"start":{"line":37,"column":13},"end":{"line":37,"column":14}},"loc":{"start":{"line":37,"column":19},"end":{"line":37,"column":54}},"line":37},"3":{"name":"useActiveReminders","decl":{"start":{"line":42,"column":16},"end":{"line":42,"column":34}},"loc":{"start":{"line":42,"column":37},"end":{"line":50,"column":1}},"line":42},"4":{"name":"(anonymous_4)","decl":{"start":{"line":47,"column":13},"end":{"line":47,"column":14}},"loc":{"start":{"line":47,"column":19},"end":{"line":47,"column":57}},"line":47},"5":{"name":"useTodayReminders","decl":{"start":{"line":52,"column":16},"end":{"line":52,"column":33}},"loc":{"start":{"line":52,"column":36},"end":{"line":60,"column":1}},"line":52},"6":{"name":"(anonymous_6)","decl":{"start":{"line":57,"column":13},"end":{"line":57,"column":14}},"loc":{"start":{"line":57,"column":19},"end":{"line":57,"column":56}},"line":57},"7":{"name":"useReminder","decl":{"start":{"line":62,"column":16},"end":{"line":62,"column":27}},"loc":{"start":{"line":62,"column":40},"end":{"line":68,"column":1}},"line":62},"8":{"name":"(anonymous_8)","decl":{"start":{"line":65,"column":13},"end":{"line":65,"column":14}},"loc":{"start":{"line":65,"column":19},"end":{"line":65,"column":49}},"line":65},"9":{"name":"useCreateReminder","decl":{"start":{"line":70,"column":16},"end":{"line":70,"column":33}},"loc":{"start":{"line":70,"column":36},"end":{"line":124,"column":1}},"line":70},"10":{"name":"(anonymous_10)","decl":{"start":{"line":75,"column":16},"end":{"line":75,"column":17}},"loc":{"start":{"line":75,"column":54},"end":{"line":119,"column":5}},"line":75},"11":{"name":"(anonymous_11)","decl":{"start":{"line":120,"column":15},"end":{"line":120,"column":16}},"loc":{"start":{"line":120,"column":21},"end":{"line":122,"column":5}},"line":120},"12":{"name":"useUpdateReminder","decl":{"start":{"line":126,"column":16},"end":{"line":126,"column":33}},"loc":{"start":{"line":126,"column":36},"end":{"line":185,"column":1}},"line":126},"13":{"name":"(anonymous_13)","decl":{"start":{"line":131,"column":16},"end":{"line":131,"column":17}},"loc":{"start":{"line":131,"column":83},"end":{"line":179,"column":5}},"line":131},"14":{"name":"(anonymous_14)","decl":{"start":{"line":180,"column":15},"end":{"line":180,"column":16}},"loc":{"start":{"line":180,"column":30},"end":{"line":183,"column":5}},"line":180},"15":{"name":"useCompleteReminder","decl":{"start":{"line":187,"column":16},"end":{"line":187,"column":35}},"loc":{"start":{"line":187,"column":38},"end":{"line":239,"column":1}},"line":187},"16":{"name":"(anonymous_16)","decl":{"start":{"line":192,"column":16},"end":{"line":192,"column":17}},"loc":{"start":{"line":192,"column":38},"end":{"line":234,"column":5}},"line":192},"17":{"name":"(anonymous_17)","decl":{"start":{"line":235,"column":15},"end":{"line":235,"column":16}},"loc":{"start":{"line":235,"column":21},"end":{"line":237,"column":5}},"line":235},"18":{"name":"useDeleteReminder","decl":{"start":{"line":241,"column":16},"end":{"line":241,"column":33}},"loc":{"start":{"line":241,"column":36},"end":{"line":268,"column":1}},"line":241},"19":{"name":"(anonymous_19)","decl":{"start":{"line":246,"column":16},"end":{"line":246,"column":17}},"loc":{"start":{"line":246,"column":38},"end":{"line":263,"column":5}},"line":246},"20":{"name":"(anonymous_20)","decl":{"start":{"line":264,"column":15},"end":{"line":264,"column":16}},"loc":{"start":{"line":264,"column":21},"end":{"line":266,"column":5}},"line":264},"21":{"name":"useReminderCount","decl":{"start":{"line":270,"column":16},"end":{"line":270,"column":32}},"loc":{"start":{"line":270,"column":35},"end":{"line":278,"column":1}},"line":270},"22":{"name":"(anonymous_22)","decl":{"start":{"line":275,"column":13},"end":{"line":275,"column":14}},"loc":{"start":{"line":275,"column":19},"end":{"line":275,"column":59}},"line":275}},"branchMap":{"0":{"loc":{"start":{"line":16,"column":2},"end":{"line":16,"column":34}},"type":"if","locations":[{"start":{"line":16,"column":2},"end":{"line":16,"column":34}},{"start":{},"end":{}}],"line":16},"1":{"loc":{"start":{"line":24,"column":4},"end":{"line":26,"column":5}},"type":"if","locations":[{"start":{"line":24,"column":4},"end":{"line":26,"column":5}},{"start":{},"end":{}}],"line":24},"2":{"loc":{"start":{"line":79,"column":6},"end":{"line":85,"column":7}},"type":"if","locations":[{"start":{"line":79,"column":6},"end":{"line":85,"column":7}},{"start":{},"end":{}}],"line":79},"3":{"loc":{"start":{"line":79,"column":10},"end":{"line":79,"column":56}},"type":"binary-expr","locations":[{"start":{"line":79,"column":10},"end":{"line":79,"column":34}},{"start":{"line":79,"column":38},"end":{"line":79,"column":56}}],"line":79},"4":{"loc":{"start":{"line":81,"column":8},"end":{"line":84,"column":9}},"type":"if","locations":[{"start":{"line":81,"column":8},"end":{"line":84,"column":9}},{"start":{},"end":{}}],"line":81},"5":{"loc":{"start":{"line":135,"column":6},"end":{"line":145,"column":7}},"type":"if","locations":[{"start":{"line":135,"column":6},"end":{"line":145,"column":7}},{"start":{},"end":{}}],"line":135},"6":{"loc":{"start":{"line":135,"column":10},"end":{"line":135,"column":84}},"type":"binary-expr","locations":[{"start":{"line":135,"column":10},"end":{"line":135,"column":33}},{"start":{"line":135,"column":38},"end":{"line":135,"column":52}},{"start":{"line":135,"column":56},"end":{"line":135,"column":83}}],"line":135},"7":{"loc":{"start":{"line":136,"column":8},"end":{"line":138,"column":9}},"type":"if","locations":[{"start":{"line":136,"column":8},"end":{"line":138,"column":9}},{"start":{},"end":{}}],"line":136},"8":{"loc":{"start":{"line":139,"column":8},"end":{"line":144,"column":9}},"type":"if","locations":[{"start":{"line":139,"column":8},"end":{"line":144,"column":9}},{"start":{},"end":{}}],"line":139},"9":{"loc":{"start":{"line":139,"column":12},"end":{"line":139,"column":73}},"type":"binary-expr","locations":[{"start":{"line":139,"column":12},"end":{"line":139,"column":28}},{"start":{"line":139,"column":32},"end":{"line":139,"column":52}},{"start":{"line":139,"column":56},"end":{"line":139,"column":73}}],"line":139},"10":{"loc":{"start":{"line":141,"column":10},"end":{"line":143,"column":11}},"type":"if","locations":[{"start":{"line":141,"column":10},"end":{"line":143,"column":11}},{"start":{},"end":{}}],"line":141},"11":{"loc":{"start":{"line":196,"column":6},"end":{"line":198,"column":7}},"type":"if","locations":[{"start":{"line":196,"column":6},"end":{"line":198,"column":7}},{"start":{},"end":{}}],"line":196},"12":{"loc":{"start":{"line":250,"column":6},"end":{"line":252,"column":7}},"type":"if","locations":[{"start":{"line":250,"column":6},"end":{"line":252,"column":7}},{"start":{},"end":{}}],"line":250}},"s":{"0":0,"1":0,"2":0,"3":0,"4":0,"5":0,"6":0,"7":0,"8":0,"9":0,"10":0,"11":0,"12":0,"13":0,"14":0,"15":0,"16":0,"17":0,"18":0,"19":0,"20":0,"21":0,"22":0,"23":0,"24":0,"25":0,"26":0,"27":0,"28":0,"29":0,"30":0,"31":0,"32":0,"33":0,"34":0,"35":0,"36":0,"37":0,"38":0,"39":0,"40":0,"41":0,"42":0,"43":0,"44":0,"45":0,"46":0,"47":0,"48":0,"49":0,"50":0,"51":0,"52":0,"53":0,"54":0,"55":0,"56":0,"57":0,"58":0,"59":0,"60":0,"61":0,"62":0,"63":0,"64":0,"65":0,"66":0,"67":0},"f":{"0":0,"1":0,"2":0,"3":0,"4":0,"5":0,"6":0,"7":0,"8":0,"9":0,"10":0,"11":0,"12":0,"13":0,"14":0,"15":0,"16":0,"17":0,"18":0,"19":0,"20":0,"21":0,"22":0},"b":{"0":[0,0],"1":[0,0],"2":[0,0],"3":[0,0],"4":[0,0],"5":[0,0],"6":[0,0,0],"7":[0,0],"8":[0,0],"9":[0,0,0],"10":[0,0],"11":[0,0],"12":[0,0]}}
,"/Users/hassan/Downloads/smart-reminder/remindme-pro/src/lib/mappers.ts": {"path":"/Users/hassan/Downloads/smart-reminder/remindme-pro/src/lib/mappers.ts","statementMap":{"0":{"start":{"line":5,"column":2},"end":{"line":36,"column":4}},"1":{"start":{"line":41,"column":42},"end":{"line":41,"column":44}},"2":{"start":{"line":43,"column":2},"end":{"line":43,"column":57}},"3":{"start":{"line":43,"column":33},"end":{"line":43,"column":57}},"4":{"start":{"line":44,"column":2},"end":{"line":44,"column":70}},"5":{"start":{"line":44,"column":37},"end":{"line":44,"column":70}},"6":{"start":{"line":45,"column":2},"end":{"line":45,"column":66}},"7":{"start":{"line":45,"column":36},"end":{"line":45,"column":66}},"8":{"start":{"line":46,"column":2},"end":{"line":46,"column":66}},"9":{"start":{"line":46,"column":36},"end":{"line":46,"column":66}},"10":{"start":{"line":47,"column":2},"end":{"line":47,"column":63}},"11":{"start":{"line":47,"column":35},"end":{"line":47,"column":63}},"12":{"start":{"line":48,"column":2},"end":{"line":48,"column":79}},"13":{"start":{"line":48,"column":40},"end":{"line":48,"column":79}},"14":{"start":{"line":49,"column":2},"end":{"line":49,"column":94}},"15":{"start":{"line":49,"column":45},"end":{"line":49,"column":94}},"16":{"start":{"line":50,"column":2},"end":{"line":50,"column":92}},"17":{"start":{"line":50,"column":44},"end":{"line":50,"column":92}},"18":{"start":{"line":51,"column":2},"end":{"line":51,"column":75}},"19":{"start":{"line":51,"column":39},"end":{"line":51,"column":75}},"20":{"start":{"line":52,"column":2},"end":{"line":52,"column":78}},"21":{"start":{"line":52,"column":40},"end":{"line":52,"column":78}},"22":{"start":{"line":53,"column":2},"end":{"line":53,"column":69}},"23":{"start":{"line":53,"column":37},"end":{"line":53,"column":69}},"24":{"start":{"line":54,"column":2},"end":{"line":54,"column":88}},"25":{"start":{"line":54,"column":43},"end":{"line":54,"column":88}},"26":{"start":{"line":55,"column":2},"end":{"line":55,"column":79}},"27":{"start":{"line":55,"column":40},"end":{"line":55,"column":79}},"28":{"start":{"line":56,"column":2},"end":{"line":56,"column":118}},"29":{"start":{"line":56,"column":50},"end":{"line":56,"column":118}},"30":{"start":{"line":57,"column":2},"end":{"line":57,"column":94}},"31":{"start":{"line":57,"column":45},"end":{"line":57,"column":94}},"32":{"start":{"line":58,"column":2},"end":{"line":58,"column":82}},"33":{"start":{"line":58,"column":41},"end":{"line":58,"column":82}},"34":{"start":{"line":59,"column":2},"end":{"line":59,"column":101}},"35":{"start":{"line":59,"column":47},"end":{"line":59,"column":101}},"36":{"start":{"line":60,"column":2},"end":{"line":60,"column":104}},"37":{"start":{"line":60,"column":48},"end":{"line":60,"column":104}},"38":{"start":{"line":61,"column":2},"end":{"line":61,"column":113}},"39":{"start":{"line":61,"column":51},"end":{"line":61,"column":113}},"40":{"start":{"line":62,"column":2},"end":{"line":62,"column":82}},"41":{"start":{"line":62,"column":41},"end":{"line":62,"column":82}},"42":{"start":{"line":63,"column":2},"end":{"line":63,"column":75}},"43":{"start":{"line":63,"column":39},"end":{"line":63,"column":75}},"44":{"start":{"line":64,"column":2},"end":{"line":64,"column":93}},"45":{"start":{"line":64,"column":42},"end":{"line":64,"column":93}},"46":{"start":{"line":65,"column":2},"end":{"line":65,"column":84}},"47":{"start":{"line":65,"column":39},"end":{"line":65,"column":84}},"48":{"start":{"line":66,"column":2},"end":{"line":66,"column":85}},"49":{"start":{"line":66,"column":42},"end":{"line":66,"column":85}},"50":{"start":{"line":67,"column":2},"end":{"line":67,"column":94}},"51":{"start":{"line":67,"column":45},"end":{"line":67,"column":94}},"52":{"start":{"line":68,"column":2},"end":{"line":68,"column":82}},"53":{"start":{"line":68,"column":41},"end":{"line":68,"column":82}},"54":{"start":{"line":69,"column":2},"end":{"line":69,"column":76}},"55":{"start":{"line":69,"column":39},"end":{"line":69,"column":76}},"56":{"start":{"line":70,"column":2},"end":{"line":70,"column":87}},"57":{"start":{"line":70,"column":40},"end":{"line":70,"column":87}},"58":{"start":{"line":71,"column":2},"end":{"line":71,"column":79}},"59":{"start":{"line":71,"column":40},"end":{"line":71,"column":79}},"60":{"start":{"line":72,"column":2},"end":{"line":72,"column":79}},"61":{"start":{"line":72,"column":40},"end":{"line":72,"column":79}},"62":{"start":{"line":74,"column":2},"end":{"line":74,"column":16}}},"fnMap":{"0":{"name":"mapReminderFromDb","decl":{"start":{"line":4,"column":16},"end":{"line":4,"column":33}},"loc":{"start":{"line":4,"column":74},"end":{"line":37,"column":1}},"line":4},"1":{"name":"mapReminderToDb","decl":{"start":{"line":40,"column":16},"end":{"line":40,"column":31}},"loc":{"start":{"line":40,"column":86},"end":{"line":75,"column":1}},"line":40}},"branchMap":{"0":{"loc":{"start":{"line":16,"column":12},"end":{"line":16,"column":41}},"type":"binary-expr","locations":[{"start":{"line":16,"column":13},"end":{"line":16,"column":33}},{"start":{"line":16,"column":38},"end":{"line":16,"column":41}}],"line":16},"1":{"loc":{"start":{"line":20,"column":20},"end":{"line":20,"column":89}},"type":"binary-expr","locations":[{"start":{"line":20,"column":21},"end":{"line":20,"column":70}},{"start":{"line":20,"column":75},"end":{"line":20,"column":89}}],"line":20},"2":{"loc":{"start":{"line":26,"column":14},"end":{"line":26,"column":64}},"type":"binary-expr","locations":[{"start":{"line":26,"column":15},"end":{"line":26,"column":51}},{"start":{"line":26,"column":56},"end":{"line":26,"column":64}}],"line":26},"3":{"loc":{"start":{"line":43,"column":2},"end":{"line":43,"column":57}},"type":"if","locations":[{"start":{"line":43,"column":2},"end":{"line":43,"column":57}},{"start":{},"end":{}}],"line":43},"4":{"loc":{"start":{"line":44,"column":2},"end":{"line":44,"column":70}},"type":"if","locations":[{"start":{"line":44,"column":2},"end":{"line":44,"column":70}},{"start":{},"end":{}}],"line":44},"5":{"loc":{"start":{"line":45,"column":2},"end":{"line":45,"column":66}},"type":"if","locations":[{"start":{"line":45,"column":2},"end":{"line":45,"column":66}},{"start":{},"end":{}}],"line":45},"6":{"loc":{"start":{"line":46,"column":2},"end":{"line":46,"column":66}},"type":"if","locations":[{"start":{"line":46,"column":2},"end":{"line":46,"column":66}},{"start":{},"end":{}}],"line":46},"7":{"loc":{"start":{"line":47,"column":2},"end":{"line":47,"column":63}},"type":"if","locations":[{"start":{"line":47,"column":2},"end":{"line":47,"column":63}},{"start":{},"end":{}}],"line":47},"8":{"loc":{"start":{"line":48,"column":2},"end":{"line":48,"column":79}},"type":"if","locations":[{"start":{"line":48,"column":2},"end":{"line":48,"column":79}},{"start":{},"end":{}}],"line":48},"9":{"loc":{"start":{"line":49,"column":2},"end":{"line":49,"column":94}},"type":"if","locations":[{"start":{"line":49,"column":2},"end":{"line":49,"column":94}},{"start":{},"end":{}}],"line":49},"10":{"loc":{"start":{"line":50,"column":2},"end":{"line":50,"column":92}},"type":"if","locations":[{"start":{"line":50,"column":2},"end":{"line":50,"column":92}},{"start":{},"end":{}}],"line":50},"11":{"loc":{"start":{"line":51,"column":2},"end":{"line":51,"column":75}},"type":"if","locations":[{"start":{"line":51,"column":2},"end":{"line":51,"column":75}},{"start":{},"end":{}}],"line":51},"12":{"loc":{"start":{"line":52,"column":2},"end":{"line":52,"column":78}},"type":"if","locations":[{"start":{"line":52,"column":2},"end":{"line":52,"column":78}},{"start":{},"end":{}}],"line":52},"13":{"loc":{"start":{"line":53,"column":2},"end":{"line":53,"column":69}},"type":"if","locations":[{"start":{"line":53,"column":2},"end":{"line":53,"column":69}},{"start":{},"end":{}}],"line":53},"14":{"loc":{"start":{"line":54,"column":2},"end":{"line":54,"column":88}},"type":"if","locations":[{"start":{"line":54,"column":2},"end":{"line":54,"column":88}},{"start":{},"end":{}}],"line":54},"15":{"loc":{"start":{"line":55,"column":2},"end":{"line":55,"column":79}},"type":"if","locations":[{"start":{"line":55,"column":2},"end":{"line":55,"column":79}},{"start":{},"end":{}}],"line":55},"16":{"loc":{"start":{"line":56,"column":2},"end":{"line":56,"column":118}},"type":"if","locations":[{"start":{"line":56,"column":2},"end":{"line":56,"column":118}},{"start":{},"end":{}}],"line":56},"17":{"loc":{"start":{"line":56,"column":81},"end":{"line":56,"column":117}},"type":"cond-expr","locations":[{"start":{"line":56,"column":112},"end":{"line":56,"column":113}},{"start":{"line":56,"column":116},"end":{"line":56,"column":117}}],"line":56},"18":{"loc":{"start":{"line":57,"column":2},"end":{"line":57,"column":94}},"type":"if","locations":[{"start":{"line":57,"column":2},"end":{"line":57,"column":94}},{"start":{},"end":{}}],"line":57},"19":{"loc":{"start":{"line":58,"column":2},"end":{"line":58,"column":82}},"type":"if","locations":[{"start":{"line":58,"column":2},"end":{"line":58,"column":82}},{"start":{},"end":{}}],"line":58},"20":{"loc":{"start":{"line":59,"column":2},"end":{"line":59,"column":101}},"type":"if","locations":[{"start":{"line":59,"column":2},"end":{"line":59,"column":101}},{"start":{},"end":{}}],"line":59},"21":{"loc":{"start":{"line":60,"column":2},"end":{"line":60,"column":104}},"type":"if","locations":[{"start":{"line":60,"column":2},"end":{"line":60,"column":104}},{"start":{},"end":{}}],"line":60},"22":{"loc":{"start":{"line":61,"column":2},"end":{"line":61,"column":113}},"type":"if","locations":[{"start":{"line":61,"column":2},"end":{"line":61,"column":113}},{"start":{},"end":{}}],"line":61},"23":{"loc":{"start":{"line":62,"column":2},"end":{"line":62,"column":82}},"type":"if","locations":[{"start":{"line":62,"column":2},"end":{"line":62,"column":82}},{"start":{},"end":{}}],"line":62},"24":{"loc":{"start":{"line":63,"column":2},"end":{"line":63,"column":75}},"type":"if","locations":[{"start":{"line":63,"column":2},"end":{"line":63,"column":75}},{"start":{},"end":{}}],"line":63},"25":{"loc":{"start":{"line":64,"column":2},"end":{"line":64,"column":93}},"type":"if","locations":[{"start":{"line":64,"column":2},"end":{"line":64,"column":93}},{"start":{},"end":{}}],"line":64},"26":{"loc":{"start":{"line":64,"column":64},"end":{"line":64,"column":92}},"type":"cond-expr","locations":[{"start":{"line":64,"column":87},"end":{"line":64,"column":88}},{"start":{"line":64,"column":91},"end":{"line":64,"column":92}}],"line":64},"27":{"loc":{"start":{"line":65,"column":2},"end":{"line":65,"column":84}},"type":"if","locations":[{"start":{"line":65,"column":2},"end":{"line":65,"column":84}},{"start":{},"end":{}}],"line":65},"28":{"loc":{"start":{"line":65,"column":58},"end":{"line":65,"column":83}},"type":"cond-expr","locations":[{"start":{"line":65,"column":78},"end":{"line":65,"column":79}},{"start":{"line":65,"column":82},"end":{"line":65,"column":83}}],"line":65},"29":{"loc":{"start":{"line":66,"column":2},"end":{"line":66,"column":85}},"type":"if","locations":[{"start":{"line":66,"column":2},"end":{"line":66,"column":85}},{"start":{},"end":{}}],"line":66},"30":{"loc":{"start":{"line":67,"column":2},"end":{"line":67,"column":94}},"type":"if","locations":[{"start":{"line":67,"column":2},"end":{"line":67,"column":94}},{"start":{},"end":{}}],"line":67},"31":{"loc":{"start":{"line":68,"column":2},"end":{"line":68,"column":82}},"type":"if","locations":[{"start":{"line":68,"column":2},"end":{"line":68,"column":82}},{"start":{},"end":{}}],"line":68},"32":{"loc":{"start":{"line":69,"column":2},"end":{"line":69,"column":76}},"type":"if","locations":[{"start":{"line":69,"column":2},"end":{"line":69,"column":76}},{"start":{},"end":{}}],"line":69},"33":{"loc":{"start":{"line":70,"column":2},"end":{"line":70,"column":87}},"type":"if","locations":[{"start":{"line":70,"column":2},"end":{"line":70,"column":87}},{"start":{},"end":{}}],"line":70},"34":{"loc":{"start":{"line":70,"column":60},"end":{"line":70,"column":86}},"type":"cond-expr","locations":[{"start":{"line":70,"column":81},"end":{"line":70,"column":82}},{"start":{"line":70,"column":85},"end":{"line":70,"column":86}}],"line":70},"35":{"loc":{"start":{"line":71,"column":2},"end":{"line":71,"column":79}},"type":"if","locations":[{"start":{"line":71,"column":2},"end":{"line":71,"column":79}},{"start":{},"end":{}}],"line":71},"36":{"loc":{"start":{"line":72,"column":2},"end":{"line":72,"column":79}},"type":"if","locations":[{"start":{"line":72,"column":2},"end":{"line":72,"column":79}},{"start":{},"end":{}}],"line":72}},"s":{"0":0,"1":0,"2":0,"3":0,"4":0,"5":0,"6":0,"7":0,"8":0,"9":0,"10":0,"11":0,"12":0,"13":0,"14":0,"15":0,"16":0,"17":0,"18":0,"19":0,"20":0,"21":0,"22":0,"23":0,"24":0,"25":0,"26":0,"27":0,"28":0,"29":0,"30":0,"31":0,"32":0,"33":0,"34":0,"35":0,"36":0,"37":0,"38":0,"39":0,"40":0,"41":0,"42":0,"43":0,"44":0,"45":0,"46":0,"47":0,"48":0,"49":0,"50":0,"51":0,"52":0,"53":0,"54":0,"55":0,"56":0,"57":0,"58":0,"59":0,"60":0,"61":0,"62":0},"f":{"0":0,"1":0},"b":{"0":[0,0],"1":[0,0],"2":[0,0],"3":[0,0],"4":[0,0],"5":[0,0],"6":[0,0],"7":[0,0],"8":[0,0],"9":[0,0],"10":[0,0],"11":[0,0],"12":[0,0],"13":[0,0],"14":[0,0],"15":[0,0],"16":[0,0],"17":[0,0],"18":[0,0],"19":[0,0],"20":[0,0],"21":[0,0],"22":[0,0],"23":[0,0],"24":[0,0],"25":[0,0],"26":[0,0],"27":[0,0],"28":[0,0],"29":[0,0],"30":[0,0],"31":[0,0],"32":[0,0],"33":[0,0],"34":[0,0],"35":[0,0],"36":[0,0]}}
,"/Users/hassan/Downloads/smart-reminder/remindme-pro/src/lib/utils.ts": {"path":"/Users/hassan/Downloads/smart-reminder/remindme-pro/src/lib/utils.ts","statementMap":{"0":{"start":{"line":5,"column":2},"end":{"line":5,"column":31}},"1":{"start":{"line":9,"column":2},"end":{"line":13,"column":5}},"2":{"start":{"line":10,"column":14},"end":{"line":10,"column":38}},"3":{"start":{"line":11,"column":14},"end":{"line":11,"column":45}},"4":{"start":{"line":12,"column":4},"end":{"line":12,"column":26}},"5":{"start":{"line":22,"column":16},"end":{"line":27,"column":19}},"6":{"start":{"line":29,"column":2},"end":{"line":29,"column":26}},"7":{"start":{"line":33,"column":2},"end":{"line":33,"column":57}},"8":{"start":{"line":33,"column":32},"end":{"line":33,"column":55}}},"fnMap":{"0":{"name":"cn","decl":{"start":{"line":4,"column":16},"end":{"line":4,"column":18}},"loc":{"start":{"line":4,"column":44},"end":{"line":6,"column":1}},"line":4},"1":{"name":"generateId","decl":{"start":{"line":8,"column":16},"end":{"line":8,"column":26}},"loc":{"start":{"line":8,"column":37},"end":{"line":14,"column":1}},"line":8},"2":{"name":"(anonymous_2)","decl":{"start":{"line":9,"column":65},"end":{"line":9,"column":66}},"loc":{"start":{"line":9,"column":72},"end":{"line":13,"column":3}},"line":9},"3":{"name":"formatAddress","decl":{"start":{"line":16,"column":16},"end":{"line":16,"column":29}},"loc":{"start":{"line":21,"column":11},"end":{"line":30,"column":1}},"line":21},"4":{"name":"sleep","decl":{"start":{"line":32,"column":16},"end":{"line":32,"column":21}},"loc":{"start":{"line":32,"column":49},"end":{"line":34,"column":1}},"line":32},"5":{"name":"(anonymous_5)","decl":{"start":{"line":33,"column":21},"end":{"line":33,"column":22}},"loc":{"start":{"line":33,"column":32},"end":{"line":33,"column":55}},"line":33}},"branchMap":{"0":{"loc":{"start":{"line":11,"column":14},"end":{"line":11,"column":45}},"type":"cond-expr","locations":[{"start":{"line":11,"column":26},"end":{"line":11,"column":27}},{"start":{"line":11,"column":30},"end":{"line":11,"column":45}}],"line":11}},"s":{"0":0,"1":0,"2":0,"3":0,"4":0,"5":0,"6":0,"7":0,"8":0},"f":{"0":0,"1":0,"2":0,"3":0,"4":0,"5":0},"b":{"0":[0,0]}}
,"/Users/hassan/Downloads/smart-reminder/remindme-pro/src/repositories/reminderRepository.ts": {"path":"/Users/hassan/Downloads/smart-reminder/remindme-pro/src/repositories/reminderRepository.ts","statementMap":{"0":{"start":{"line":6,"column":34},"end":{"line":196,"column":1}},"1":{"start":{"line":9,"column":15},"end":{"line":9,"column":34}},"2":{"start":{"line":10,"column":17},"end":{"line":15,"column":5}},"3":{"start":{"line":16,"column":4},"end":{"line":16,"column":39}},"4":{"start":{"line":21,"column":15},"end":{"line":21,"column":34}},"5":{"start":{"line":22,"column":17},"end":{"line":28,"column":5}},"6":{"start":{"line":29,"column":4},"end":{"line":29,"column":39}},"7":{"start":{"line":34,"column":15},"end":{"line":34,"column":34}},"8":{"start":{"line":35,"column":18},"end":{"line":35,"column":28}},"9":{"start":{"line":36,"column":4},"end":{"line":36,"column":31}},"10":{"start":{"line":37,"column":21},"end":{"line":37,"column":36}},"11":{"start":{"line":38,"column":4},"end":{"line":38,"column":45}},"12":{"start":{"line":40,"column":17},"end":{"line":53,"column":5}},"13":{"start":{"line":54,"column":4},"end":{"line":54,"column":39}},"14":{"start":{"line":59,"column":15},"end":{"line":59,"column":34}},"15":{"start":{"line":60,"column":16},"end":{"line":63,"column":5}},"16":{"start":{"line":64,"column":4},"end":{"line":64,"column":47}},"17":{"start":{"line":69,"column":15},"end":{"line":69,"column":34}},"18":{"start":{"line":70,"column":15},"end":{"line":70,"column":27}},"19":{"start":{"line":71,"column":16},"end":{"line":71,"column":40}},"20":{"start":{"line":73,"column":31},"end":{"line":104,"column":5}},"21":{"start":{"line":107,"column":19},"end":{"line":107,"column":44}},"22":{"start":{"line":108,"column":20},"end":{"line":108,"column":50}},"23":{"start":{"line":109,"column":25},"end":{"line":109,"column":70}},"24":{"start":{"line":109,"column":55},"end":{"line":109,"column":58}},"25":{"start":{"line":111,"column":4},"end":{"line":114,"column":6}},"26":{"start":{"line":116,"column":4},"end":{"line":116,"column":20}},"27":{"start":{"line":121,"column":15},"end":{"line":121,"column":34}},"28":{"start":{"line":122,"column":21},"end":{"line":122,"column":43}},"29":{"start":{"line":124,"column":4},"end":{"line":126,"column":5}},"30":{"start":{"line":125,"column":6},"end":{"line":125,"column":44}},"31":{"start":{"line":128,"column":63},"end":{"line":131,"column":5}},"32":{"start":{"line":133,"column":22},"end":{"line":133,"column":46}},"33":{"start":{"line":134,"column":22},"end":{"line":136,"column":17}},"34":{"start":{"line":135,"column":20},"end":{"line":135,"column":32}},"35":{"start":{"line":138,"column":4},"end":{"line":141,"column":6}},"36":{"start":{"line":143,"column":20},"end":{"line":143,"column":42}},"37":{"start":{"line":144,"column":4},"end":{"line":144,"column":63}},"38":{"start":{"line":144,"column":18},"end":{"line":144,"column":63}},"39":{"start":{"line":146,"column":4},"end":{"line":146,"column":19}},"40":{"start":{"line":151,"column":4},"end":{"line":155,"column":7}},"41":{"start":{"line":160,"column":15},"end":{"line":160,"column":34}},"42":{"start":{"line":162,"column":4},"end":{"line":165,"column":6}},"43":{"start":{"line":170,"column":15},"end":{"line":170,"column":34}},"44":{"start":{"line":171,"column":4},"end":{"line":174,"column":6}},"45":{"start":{"line":179,"column":15},"end":{"line":179,"column":34}},"46":{"start":{"line":180,"column":4},"end":{"line":183,"column":6}},"47":{"start":{"line":188,"column":15},"end":{"line":188,"column":34}},"48":{"start":{"line":189,"column":19},"end":{"line":193,"column":5}},"49":{"start":{"line":194,"column":4},"end":{"line":194,"column":30}}},"fnMap":{"0":{"name":"(anonymous_0)","decl":{"start":{"line":8,"column":2},"end":{"line":8,"column":3}},"loc":{"start":{"line":8,"column":52},"end":{"line":17,"column":3}},"line":8},"1":{"name":"(anonymous_1)","decl":{"start":{"line":20,"column":2},"end":{"line":20,"column":3}},"loc":{"start":{"line":20,"column":55},"end":{"line":30,"column":3}},"line":20},"2":{"name":"(anonymous_2)","decl":{"start":{"line":33,"column":2},"end":{"line":33,"column":3}},"loc":{"start":{"line":33,"column":54},"end":{"line":55,"column":3}},"line":33},"3":{"name":"(anonymous_3)","decl":{"start":{"line":58,"column":2},"end":{"line":58,"column":3}},"loc":{"start":{"line":58,"column":54},"end":{"line":65,"column":3}},"line":58},"4":{"name":"(anonymous_4)","decl":{"start":{"line":68,"column":2},"end":{"line":68,"column":3}},"loc":{"start":{"line":68,"column":78},"end":{"line":117,"column":3}},"line":68},"5":{"name":"(anonymous_5)","decl":{"start":{"line":109,"column":49},"end":{"line":109,"column":50}},"loc":{"start":{"line":109,"column":55},"end":{"line":109,"column":58}},"line":109},"6":{"name":"(anonymous_6)","decl":{"start":{"line":120,"column":2},"end":{"line":120,"column":3}},"loc":{"start":{"line":120,"column":74},"end":{"line":147,"column":3}},"line":120},"7":{"name":"(anonymous_7)","decl":{"start":{"line":135,"column":11},"end":{"line":135,"column":12}},"loc":{"start":{"line":135,"column":20},"end":{"line":135,"column":32}},"line":135},"8":{"name":"(anonymous_8)","decl":{"start":{"line":150,"column":2},"end":{"line":150,"column":3}},"loc":{"start":{"line":150,"column":48},"end":{"line":156,"column":3}},"line":150},"9":{"name":"(anonymous_9)","decl":{"start":{"line":159,"column":2},"end":{"line":159,"column":3}},"loc":{"start":{"line":159,"column":42},"end":{"line":166,"column":3}},"line":159},"10":{"name":"(anonymous_10)","decl":{"start":{"line":169,"column":2},"end":{"line":169,"column":3}},"loc":{"start":{"line":169,"column":87},"end":{"line":175,"column":3}},"line":169},"11":{"name":"(anonymous_11)","decl":{"start":{"line":178,"column":2},"end":{"line":178,"column":3}},"loc":{"start":{"line":178,"column":79},"end":{"line":184,"column":3}},"line":178},"12":{"name":"(anonymous_12)","decl":{"start":{"line":187,"column":2},"end":{"line":187,"column":3}},"loc":{"start":{"line":187,"column":53},"end":{"line":195,"column":3}},"line":187}},"branchMap":{"0":{"loc":{"start":{"line":64,"column":11},"end":{"line":64,"column":46}},"type":"cond-expr","locations":[{"start":{"line":64,"column":17},"end":{"line":64,"column":39}},{"start":{"line":64,"column":42},"end":{"line":64,"column":46}}],"line":64},"1":{"loc":{"start":{"line":77,"column":13},"end":{"line":77,"column":32}},"type":"binary-expr","locations":[{"start":{"line":77,"column":13},"end":{"line":77,"column":24}},{"start":{"line":77,"column":28},"end":{"line":77,"column":32}}],"line":77},"2":{"loc":{"start":{"line":79,"column":17},"end":{"line":79,"column":40}},"type":"binary-expr","locations":[{"start":{"line":79,"column":17},"end":{"line":79,"column":32}},{"start":{"line":79,"column":36},"end":{"line":79,"column":40}}],"line":79},"3":{"loc":{"start":{"line":80,"column":22},"end":{"line":80,"column":50}},"type":"binary-expr","locations":[{"start":{"line":80,"column":22},"end":{"line":80,"column":42}},{"start":{"line":80,"column":46},"end":{"line":80,"column":50}}],"line":80},"4":{"loc":{"start":{"line":81,"column":21},"end":{"line":81,"column":44}},"type":"binary-expr","locations":[{"start":{"line":81,"column":21},"end":{"line":81,"column":36}},{"start":{"line":81,"column":40},"end":{"line":81,"column":44}}],"line":81},"5":{"loc":{"start":{"line":82,"column":16},"end":{"line":82,"column":38}},"type":"binary-expr","locations":[{"start":{"line":82,"column":16},"end":{"line":82,"column":30}},{"start":{"line":82,"column":34},"end":{"line":82,"column":38}}],"line":82},"6":{"loc":{"start":{"line":83,"column":17},"end":{"line":83,"column":40}},"type":"binary-expr","locations":[{"start":{"line":83,"column":17},"end":{"line":83,"column":32}},{"start":{"line":83,"column":36},"end":{"line":83,"column":40}}],"line":83},"7":{"loc":{"start":{"line":84,"column":14},"end":{"line":84,"column":33}},"type":"binary-expr","locations":[{"start":{"line":84,"column":14},"end":{"line":84,"column":26}},{"start":{"line":84,"column":30},"end":{"line":84,"column":33}}],"line":84},"8":{"loc":{"start":{"line":85,"column":20},"end":{"line":85,"column":46}},"type":"binary-expr","locations":[{"start":{"line":85,"column":20},"end":{"line":85,"column":38}},{"start":{"line":85,"column":42},"end":{"line":85,"column":46}}],"line":85},"9":{"loc":{"start":{"line":86,"column":17},"end":{"line":86,"column":40}},"type":"binary-expr","locations":[{"start":{"line":86,"column":17},"end":{"line":86,"column":32}},{"start":{"line":86,"column":36},"end":{"line":86,"column":40}}],"line":86},"10":{"loc":{"start":{"line":87,"column":27},"end":{"line":87,"column":61}},"type":"binary-expr","locations":[{"start":{"line":87,"column":27},"end":{"line":87,"column":52}},{"start":{"line":87,"column":56},"end":{"line":87,"column":61}}],"line":87},"11":{"loc":{"start":{"line":88,"column":22},"end":{"line":88,"column":60}},"type":"binary-expr","locations":[{"start":{"line":88,"column":22},"end":{"line":88,"column":42}},{"start":{"line":88,"column":46},"end":{"line":88,"column":60}}],"line":88},"12":{"loc":{"start":{"line":89,"column":18},"end":{"line":89,"column":42}},"type":"binary-expr","locations":[{"start":{"line":89,"column":18},"end":{"line":89,"column":34}},{"start":{"line":89,"column":38},"end":{"line":89,"column":42}}],"line":89},"13":{"loc":{"start":{"line":90,"column":24},"end":{"line":90,"column":54}},"type":"binary-expr","locations":[{"start":{"line":90,"column":24},"end":{"line":90,"column":46}},{"start":{"line":90,"column":50},"end":{"line":90,"column":54}}],"line":90},"14":{"loc":{"start":{"line":91,"column":25},"end":{"line":91,"column":56}},"type":"binary-expr","locations":[{"start":{"line":91,"column":25},"end":{"line":91,"column":48}},{"start":{"line":91,"column":52},"end":{"line":91,"column":56}}],"line":91},"15":{"loc":{"start":{"line":92,"column":28},"end":{"line":92,"column":62}},"type":"binary-expr","locations":[{"start":{"line":92,"column":28},"end":{"line":92,"column":54}},{"start":{"line":92,"column":58},"end":{"line":92,"column":62}}],"line":92},"16":{"loc":{"start":{"line":93,"column":18},"end":{"line":93,"column":42}},"type":"binary-expr","locations":[{"start":{"line":93,"column":18},"end":{"line":93,"column":34}},{"start":{"line":93,"column":38},"end":{"line":93,"column":42}}],"line":93},"17":{"loc":{"start":{"line":94,"column":16},"end":{"line":94,"column":42}},"type":"binary-expr","locations":[{"start":{"line":94,"column":16},"end":{"line":94,"column":30}},{"start":{"line":94,"column":34},"end":{"line":94,"column":42}}],"line":94},"18":{"loc":{"start":{"line":124,"column":4},"end":{"line":126,"column":5}},"type":"if","locations":[{"start":{"line":124,"column":4},"end":{"line":126,"column":5}},{"start":{},"end":{}}],"line":124},"19":{"loc":{"start":{"line":144,"column":4},"end":{"line":144,"column":63}},"type":"if","locations":[{"start":{"line":144,"column":4},"end":{"line":144,"column":63}},{"start":{},"end":{}}],"line":144},"20":{"loc":{"start":{"line":194,"column":11},"end":{"line":194,"column":29}},"type":"binary-expr","locations":[{"start":{"line":194,"column":11},"end":{"line":194,"column":24}},{"start":{"line":194,"column":28},"end":{"line":194,"column":29}}],"line":194}},"s":{"0":0,"1":0,"2":0,"3":0,"4":0,"5":0,"6":0,"7":0,"8":0,"9":0,"10":0,"11":0,"12":0,"13":0,"14":0,"15":0,"16":0,"17":0,"18":0,"19":0,"20":0,"21":0,"22":0,"23":0,"24":0,"25":0,"26":0,"27":0,"28":0,"29":0,"30":0,"31":0,"32":0,"33":0,"34":0,"35":0,"36":0,"37":0,"38":0,"39":0,"40":0,"41":0,"42":0,"43":0,"44":0,"45":0,"46":0,"47":0,"48":0,"49":0},"f":{"0":0,"1":0,"2":0,"3":0,"4":0,"5":0,"6":0,"7":0,"8":0,"9":0,"10":0,"11":0,"12":0},"b":{"0":[0,0],"1":[0,0],"2":[0,0],"3":[0,0],"4":[0,0],"5":[0,0],"6":[0,0],"7":[0,0],"8":[0,0],"9":[0,0],"10":[0,0],"11":[0,0],"12":[0,0],"13":[0,0],"14":[0,0],"15":[0,0],"16":[0,0],"17":[0,0],"18":[0,0],"19":[0,0],"20":[0,0]}}
,"/Users/hassan/Downloads/smart-reminder/remindme-pro/src/services/database/migrations.ts": {"path":"/Users/hassan/Downloads/smart-reminder/remindme-pro/src/services/database/migrations.ts","statementMap":{"0":{"start":{"line":3,"column":24},"end":{"line":3,"column":25}},"1":{"start":{"line":6,"column":17},"end":{"line":8,"column":3}},"2":{"start":{"line":9,"column":22},"end":{"line":9,"column":47}},"3":{"start":{"line":11,"column":2},"end":{"line":13,"column":3}},"4":{"start":{"line":12,"column":4},"end":{"line":12,"column":27}},"5":{"start":{"line":15,"column":2},"end":{"line":17,"column":3}},"6":{"start":{"line":16,"column":4},"end":{"line":16,"column":27}},"7":{"start":{"line":19,"column":2},"end":{"line":19,"column":65}},"8":{"start":{"line":23,"column":2},"end":{"line":151,"column":5}},"9":{"start":{"line":156,"column":2},"end":{"line":165,"column":5}}},"fnMap":{"0":{"name":"runMigrations","decl":{"start":{"line":5,"column":22},"end":{"line":5,"column":35}},"loc":{"start":{"line":5,"column":63},"end":{"line":20,"column":1}},"line":5},"1":{"name":"migration001","decl":{"start":{"line":22,"column":15},"end":{"line":22,"column":27}},"loc":{"start":{"line":22,"column":55},"end":{"line":152,"column":1}},"line":22},"2":{"name":"migration002","decl":{"start":{"line":155,"column":15},"end":{"line":155,"column":27}},"loc":{"start":{"line":155,"column":55},"end":{"line":166,"column":1}},"line":155}},"branchMap":{"0":{"loc":{"start":{"line":9,"column":22},"end":{"line":9,"column":47}},"type":"binary-expr","locations":[{"start":{"line":9,"column":22},"end":{"line":9,"column":42}},{"start":{"line":9,"column":46},"end":{"line":9,"column":47}}],"line":9},"1":{"loc":{"start":{"line":11,"column":2},"end":{"line":13,"column":3}},"type":"if","locations":[{"start":{"line":11,"column":2},"end":{"line":13,"column":3}},{"start":{},"end":{}}],"line":11},"2":{"loc":{"start":{"line":15,"column":2},"end":{"line":17,"column":3}},"type":"if","locations":[{"start":{"line":15,"column":2},"end":{"line":17,"column":3}},{"start":{},"end":{}}],"line":15}},"s":{"0":0,"1":0,"2":0,"3":0,"4":0,"5":0,"6":0,"7":0,"8":0,"9":0},"f":{"0":0,"1":0,"2":0},"b":{"0":[0,0],"1":[0,0],"2":[0,0]}}
,"/Users/hassan/Downloads/smart-reminder/remindme-pro/src/services/database/sqlite.ts": {"path":"/Users/hassan/Downloads/smart-reminder/remindme-pro/src/services/database/sqlite.ts","statementMap":{"0":{"start":{"line":4,"column":39},"end":{"line":4,"column":43}},"1":{"start":{"line":7,"column":2},"end":{"line":10,"column":3}},"2":{"start":{"line":8,"column":4},"end":{"line":8,"column":55}},"3":{"start":{"line":9,"column":4},"end":{"line":9,"column":28}},"4":{"start":{"line":11,"column":2},"end":{"line":11,"column":12}},"5":{"start":{"line":15,"column":2},"end":{"line":18,"column":3}},"6":{"start":{"line":16,"column":4},"end":{"line":16,"column":26}},"7":{"start":{"line":17,"column":4},"end":{"line":17,"column":14}},"8":{"start":{"line":23,"column":2},"end":{"line":23,"column":22}}},"fnMap":{"0":{"name":"getDatabase","decl":{"start":{"line":6,"column":22},"end":{"line":6,"column":33}},"loc":{"start":{"line":6,"column":68},"end":{"line":12,"column":1}},"line":6},"1":{"name":"closeDatabase","decl":{"start":{"line":14,"column":22},"end":{"line":14,"column":35}},"loc":{"start":{"line":14,"column":38},"end":{"line":19,"column":1}},"line":14},"2":{"name":"initializeDatabase","decl":{"start":{"line":22,"column":22},"end":{"line":22,"column":40}},"loc":{"start":{"line":22,"column":58},"end":{"line":24,"column":1}},"line":22}},"branchMap":{"0":{"loc":{"start":{"line":7,"column":2},"end":{"line":10,"column":3}},"type":"if","locations":[{"start":{"line":7,"column":2},"end":{"line":10,"column":3}},{"start":{},"end":{}}],"line":7},"1":{"loc":{"start":{"line":15,"column":2},"end":{"line":18,"column":3}},"type":"if","locations":[{"start":{"line":15,"column":2},"end":{"line":18,"column":3}},{"start":{},"end":{}}],"line":15}},"s":{"0":0,"1":0,"2":0,"3":0,"4":0,"5":0,"6":0,"7":0,"8":0},"f":{"0":0,"1":0,"2":0},"b":{"0":[0,0],"1":[0,0]}}
[...]
,"/Users/hassan/Downloads/smart-reminder/remindme-pro/src/stores/authStore.ts": {"path":"/Users/hassan/Downloads/smart-reminder/remindme-pro/src/stores/authStore.ts","statementMap":{"0":{"start":{"line":36,"column":2},"end":{"line":36,"column":48}},"1":{"start":{"line":40,"column":2},"end":{"line":46,"column":4}},"2":{"start":{"line":51,"column":2},"end":{"line":51,"column":27}},"3":{"start":{"line":51,"column":20},"end":{"line":51,"column":27}},"4":{"start":{"line":53,"column":2},"end":{"line":74,"column":3}},"5":{"start":{"line":54,"column":38},"end":{"line":58,"column":15}},"6":{"start":{"line":60,"column":4},"end":{"line":71,"column":5}},"7":{"start":{"line":61,"column":24},"end":{"line":66,"column":17}},"8":{"start":{"line":68,"column":6},"end":{"line":70,"column":7}},"9":{"start":{"line":69,"column":8},"end":{"line":69,"column":56}},"10":{"start":{"line":73,"column":4},"end":{"line":73,"column":57}},"11":{"start":{"line":77,"column":28},"end":{"line":428,"column":3}},"12":{"start":{"line":77,"column":61},"end":{"line":428,"column":1}},"13":{"start":{"line":83,"column":21},"end":{"line":87,"column":4}},"14":{"start":{"line":89,"column":29},"end":{"line":89,"column":47}},"15":{"start":{"line":91,"column":33},"end":{"line":91,"column":53}},"16":{"start":{"line":94,"column":4},"end":{"line":196,"column":5}},"17":{"start":{"line":96,"column":27},"end":{"line":96,"column":48}},"18":{"start":{"line":97,"column":26},"end":{"line":97,"column":58}},"19":{"start":{"line":98,"column":6},"end":{"line":98,"column":27}},"20":{"start":{"line":101,"column":22},"end":{"line":101,"column":52}},"21":{"start":{"line":103,"column":6},"end":{"line":187,"column":7}},"22":{"start":{"line":105,"column":21},"end":{"line":105,"column":50}},"23":{"start":{"line":108,"column":8},"end":{"line":121,"column":9}},"24":{"start":{"line":109,"column":10},"end":{"line":109,"column":40}},"25":{"start":{"line":112,"column":36},"end":{"line":116,"column":46}},"26":{"start":{"line":118,"column":10},"end":{"line":120,"column":11}},"27":{"start":{"line":119,"column":12},"end":{"line":119,"column":48}},"28":{"start":{"line":123,"column":8},"end":{"line":127,"column":11}},"29":{"start":{"line":130,"column":19},"end":{"line":130,"column":38}},"30":{"start":{"line":131,"column":8},"end":{"line":134,"column":10}},"31":{"start":{"line":137,"column":19},"end":{"line":137,"column":38}},"32":{"start":{"line":140,"column":29},"end":{"line":146,"column":82}},"33":{"start":{"line":148,"column":8},"end":{"line":186,"column":9}},"34":{"start":{"line":151,"column":10},"end":{"line":161,"column":13}},"35":{"start":{"line":164,"column":28},"end":{"line":168,"column":62}},"36":{"start":{"line":170,"column":10},"end":{"line":185,"column":11}},"37":{"start":{"line":171,"column":12},"end":{"line":181,"column":15}},"38":{"start":{"line":184,"column":12},"end":{"line":184,"column":38}},"39":{"start":{"line":190,"column":6},"end":{"line":192,"column":9}},"40":{"start":{"line":191,"column":8},"end":{"line":191,"column":56}},"41":{"start":{"line":194,"column":6},"end":{"line":194,"column":57}},"42":{"start":{"line":195,"column":6},"end":{"line":195,"column":32}},"43":{"start":{"line":200,"column":4},"end":{"line":200,"column":29}},"44":{"start":{"line":201,"column":4},"end":{"line":252,"column":5}},"45":{"start":{"line":202,"column":37},"end":{"line":202,"column":78}},"46":{"start":{"line":204,"column":6},"end":{"line":204,"column":59}},"47":{"start":{"line":204,"column":25},"end":{"line":204,"column":59}},"48":{"start":{"line":206,"column":19},"end":{"line":206,"column":48}},"49":{"start":{"line":209,"column":6},"end":{"line":209,"column":36}},"50":{"start":{"line":212,"column":32},"end":{"line":216,"column":42}},"51":{"start":{"line":218,"column":6},"end":{"line":220,"column":7}},"52":{"start":{"line":219,"column":8},"end":{"line":219,"column":44}},"53":{"start":{"line":222,"column":17},"end":{"line":222,"column":36}},"54":{"start":{"line":225,"column":27},"end":{"line":228,"column":7}},"55":{"start":{"line":230,"column":6},"end":{"line":242,"column":7}},"56":{"start":{"line":232,"column":8},"end":{"line":235,"column":10}},"57":{"start":{"line":238,"column":8},"end":{"line":241,"column":10}},"58":{"start":{"line":244,"column":6},"end":{"line":248,"column":9}},"59":{"start":{"line":250,"column":6},"end":{"line":250,"column":32}},"60":{"start":{"line":251,"column":6},"end":{"line":251,"column":18}},"61":{"start":{"line":256,"column":4},"end":{"line":256,"column":29}},"62":{"start":{"line":257,"column":4},"end":{"line":292,"column":5}},"63":{"start":{"line":258,"column":37},"end":{"line":258,"column":91}},"64":{"start":{"line":260,"column":6},"end":{"line":260,"column":102}},"65":{"start":{"line":260,"column":25},"end":{"line":260,"column":102}},"66":{"start":{"line":262,"column":19},"end":{"line":262,"column":48}},"67":{"start":{"line":263,"column":6},"end":{"line":263,"column":37}},"68":{"start":{"line":266,"column":38},"end":{"line":271,"column":17}},"69":{"start":{"line":273,"column":6},"end":{"line":275,"column":7}},"70":{"start":{"line":274,"column":8},"end":{"line":274,"column":63}},"71":{"start":{"line":278,"column":17},"end":{"line":278,"column":36}},"72":{"start":{"line":279,"column":6},"end":{"line":282,"column":8}},"73":{"start":{"line":284,"column":6},"end":{"line":288,"column":9}},"74":{"start":{"line":290,"column":6},"end":{"line":290,"column":32}},"75":{"start":{"line":291,"column":6},"end":{"line":291,"column":18}},"76":{"start":{"line":296,"column":4},"end":{"line":317,"column":5}},"77":{"start":{"line":297,"column":20},"end":{"line":297,"column":25}},"78":{"start":{"line":300,"column":6},"end":{"line":302,"column":7}},"79":{"start":{"line":301,"column":8},"end":{"line":301,"column":36}},"80":{"start":{"line":305,"column":17},"end":{"line":305,"column":36}},"81":{"start":{"line":306,"column":6},"end":{"line":308,"column":7}},"82":{"start":{"line":307,"column":8},"end":{"line":307,"column":77}},"83":{"start":{"line":310,"column":6},"end":{"line":313,"column":9}},"84":{"start":{"line":315,"column":6},"end":{"line":315,"column":46}},"85":{"start":{"line":316,"column":6},"end":{"line":316,"column":18}},"86":{"start":{"line":321,"column":15},"end":{"line":321,"column":34}},"87":{"start":{"line":324,"column":26},"end":{"line":327,"column":56}},"88":{"start":{"line":329,"column":4},"end":{"line":361,"column":5}},"89":{"start":{"line":331,"column":6},"end":{"line":341,"column":9}},"90":{"start":{"line":344,"column":22},"end":{"line":344,"column":45}},"91":{"start":{"line":345,"column":6},"end":{"line":348,"column":8}},"92":{"start":{"line":350,"column":6},"end":{"line":360,"column":9}},"93":{"start":{"line":366,"column":18},"end":{"line":366,"column":23}},"94":{"start":{"line":367,"column":4},"end":{"line":369,"column":5}},"95":{"start":{"line":368,"column":6},"end":{"line":368,"column":59}},"96":{"start":{"line":371,"column":20},"end":{"line":371,"column":33}},"97":{"start":{"line":372,"column":4},"end":{"line":372,"column":29}},"98":{"start":{"line":374,"column":4},"end":{"line":426,"column":5}},"99":{"start":{"line":376,"column":37},"end":{"line":376,"column":91}},"100":{"start":{"line":378,"column":6},"end":{"line":378,"column":102}},"101":{"start":{"line":378,"column":25},"end":{"line":378,"column":102}},"102":{"start":{"line":380,"column":22},"end":{"line":380,"column":51}},"103":{"start":{"line":381,"column":6},"end":{"line":381,"column":40}},"104":{"start":{"line":384,"column":38},"end":{"line":389,"column":17}},"105":{"start":{"line":391,"column":6},"end":{"line":393,"column":7}},"106":{"start":{"line":392,"column":8},"end":{"line":392,"column":63}},"107":{"start":{"line":395,"column":17},"end":{"line":395,"column":36}},"108":{"start":{"line":398,"column":6},"end":{"line":401,"column":8}},"109":{"start":{"line":404,"column":6},"end":{"line":407,"column":8}},"110":{"start":{"line":410,"column":6},"end":{"line":410,"column":69}},"111":{"start":{"line":413,"column":6},"end":{"line":416,"column":8}},"112":{"start":{"line":418,"column":6},"end":{"line":422,"column":9}},"113":{"start":{"line":424,"column":6},"end":{"line":424,"column":32}},"114":{"start":{"line":425,"column":6},"end":{"line":425,"column":18}}},"fnMap":{"0":{"name":"canSync","decl":{"start":{"line":35,"column":16},"end":{"line":35,"column":23}},"loc":{"start":{"line":35,"column":74},"end":{"line":37,"column":1}},"line":35},"1":{"name":"mapSupabaseUser","decl":{"start":{"line":39,"column":9},"end":{"line":39,"column":24}},"loc":{"start":{"line":39,"column":59},"end":{"line":47,"column":1}},"line":39},"2":{"name":"ensureUserProfile","decl":{"start":{"line":50,"column":15},"end":{"line":50,"column":32}},"loc":{"start":{"line":50,"column":60},"end":{"line":75,"column":1}},"line":50},"3":{"name":"(anonymous_3)","decl":{"start":{"line":77,"column":46},"end":{"line":77,"column":47}},"loc":{"start":{"line":77,"column":61},"end":{"line":428,"column":1}},"line":77},"4":{"name":"(anonymous_4)","decl":{"start":{"line":83,"column":11},"end":{"line":83,"column":12}},"loc":{"start":{"line":83,"column":21},"end":{"line":87,"column":4}},"line":83},"5":{"name":"(anonymous_5)","decl":{"start":{"line":89,"column":14},"end":{"line":89,"column":15}},"loc":{"start":{"line":89,"column":29},"end":{"line":89,"column":47}},"line":89},"6":{"name":"(anonymous_6)","decl":{"start":{"line":91,"column":16},"end":{"line":91,"column":17}},"loc":{"start":{"line":91,"column":33},"end":{"line":91,"column":53}},"line":91},"7":{"name":"(anonymous_7)","decl":{"start":{"line":93,"column":14},"end":{"line":93,"column":15}},"loc":{"start":{"line":93,"column":26},"end":{"line":197,"column":3}},"line":93},"8":{"name":"(anonymous_8)","decl":{"start":{"line":190,"column":31},"end":{"line":190,"column":32}},"loc":{"start":{"line":190,"column":42},"end":{"line":192,"column":7}},"line":190},"9":{"name":"(anonymous_9)","decl":{"start":{"line":199,"column":10},"end":{"line":199,"column":11}},"loc":{"start":{"line":199,"column":53},"end":{"line":253,"column":3}},"line":199},"10":{"name":"(anonymous_10)","decl":{"start":{"line":255,"column":10},"end":{"line":255,"column":11}},"loc":{"start":{"line":255,"column":74},"end":{"line":293,"column":3}},"line":255},"11":{"name":"(anonymous_11)","decl":{"start":{"line":295,"column":11},"end":{"line":295,"column":12}},"loc":{"start":{"line":295,"column":23},"end":{"line":318,"column":3}},"line":295},"12":{"name":"(anonymous_12)","decl":{"start":{"line":320,"column":19},"end":{"line":320,"column":20}},"loc":{"start":{"line":320,"column":31},"end":{"line":362,"column":3}},"line":320},"13":{"name":"(anonymous_13)","decl":{"start":{"line":365,"column":22},"end":{"line":365,"column":23}},"loc":{"start":{"line":365,"column":86},"end":{"line":427,"column":3}},"line":365}},"branchMap":{"0":{"loc":{"start":{"line":36,"column":9},"end":{"line":36,"column":47}},"type":"binary-expr","locations":[{"start":{"line":36,"column":9},"end":{"line":36,"column":15}},{"start":{"line":36,"column":19},"end":{"line":36,"column":32}},{"start":{"line":36,"column":36},"end":{"line":36,"column":47}}],"line":36},"1":{"loc":{"start":{"line":42,"column":11},"end":{"line":42,"column":37}},"type":"binary-expr","locations":[{"start":{"line":42,"column":11},"end":{"line":42,"column":29}},{"start":{"line":42,"column":33},"end":{"line":42,"column":37}}],"line":42},"2":{"loc":{"start":{"line":43,"column":17},"end":{"line":43,"column":104}},"type":"binary-expr","locations":[{"start":{"line":43,"column":17},"end":{"line":43,"column":57}},{"start":{"line":43,"column":61},"end":{"line":43,"column":94}},{"start":{"line":43,"column":98},"end":{"line":43,"column":104}}],"line":43},"3":{"loc":{"start":{"line":51,"column":2},"end":{"line":51,"column":27}},"type":"if","locations":[{"start":{"line":51,"column":2},"end":{"line":51,"column":27}},{"start":{},"end":{}}],"line":51},"4":{"loc":{"start":{"line":60,"column":4},"end":{"line":71,"column":5}},"type":"if","locations":[{"start":{"line":60,"column":4},"end":{"line":71,"column":5}},{"start":{},"end":{}}],"line":60},"5":{"loc":{"start":{"line":68,"column":6},"end":{"line":70,"column":7}},"type":"if","locations":[{"start":{"line":68,"column":6},"end":{"line":70,"column":7}},{"start":{},"end":{}}],"line":68},"6":{"loc":{"start":{"line":68,"column":10},"end":{"line":68,"column":41}},"type":"binary-expr","locations":[{"start":{"line":68,"column":10},"end":{"line":68,"column":15}},{"start":{"line":68,"column":19},"end":{"line":68,"column":41}}],"line":68},"7":{"loc":{"start":{"line":97,"column":26},"end":{"line":97,"column":58}},"type":"binary-expr","locations":[{"start":{"line":97,"column":26},"end":{"line":97,"column":50}},{"start":{"line":97,"column":54},"end":{"line":97,"column":58}}],"line":97},"8":{"loc":{"start":{"line":103,"column":6},"end":{"line":187,"column":7}},"type":"if","locations":[{"start":{"line":103,"column":6},"end":{"line":187,"column":7}},{"start":{"line":135,"column":13},"end":{"line":187,"column":7}}],"line":103},"9":{"loc":{"start":{"line":108,"column":8},"end":{"line":121,"column":9}},"type":"if","locations":[{"start":{"line":108,"column":8},"end":{"line":121,"column":9}},{"start":{},"end":{}}],"line":108},"10":{"loc":{"start":{"line":118,"column":10},"end":{"line":120,"column":11}},"type":"if","locations":[{"start":{"line":118,"column":10},"end":{"line":120,"column":11}},{"start":{},"end":{}}],"line":118},"11":{"loc":{"start":{"line":133,"column":50},"end":{"line":133,"column":72}},"type":"cond-expr","locations":[{"start":{"line":133,"column":67},"end":{"line":133,"column":68}},{"start":{"line":133,"column":71},"end":{"line":133,"column":72}}],"line":133},"12":{"loc":{"start":{"line":148,"column":8},"end":{"line":186,"column":9}},"type":"if","locations":[{"start":{"line":148,"column":8},"end":{"line":186,"column":9}},{"start":{"line":162,"column":15},"end":{"line":186,"column":9}}],"line":148},"13":{"loc":{"start":{"line":170,"column":10},"end":{"line":185,"column":11}},"type":"if","locations":[{"start":{"line":170,"column":10},"end":{"line":185,"column":11}},{"start":{"line":182,"column":17},"end":{"line":185,"column":11}}],"line":170},"14":{"loc":{"start":{"line":191,"column":27},"end":{"line":191,"column":52}},"type":"binary-expr","locations":[{"start":{"line":191,"column":27},"end":{"line":191,"column":44}},{"start":{"line":191,"column":48},"end":{"line":191,"column":52}}],"line":191},"15":{"loc":{"start":{"line":204,"column":6},"end":{"line":204,"column":59}},"type":"if","locations":[{"start":{"line":204,"column":6},"end":{"line":204,"column":59}},{"start":{},"end":{}}],"line":204},"16":{"loc":{"start":{"line":218,"column":6},"end":{"line":220,"column":7}},"type":"if","locations":[{"start":{"line":218,"column":6},"end":{"line":220,"column":7}},{"start":{},"end":{}}],"line":218},"17":{"loc":{"start":{"line":230,"column":6},"end":{"line":242,"column":7}},"type":"if","locations":[{"start":{"line":230,"column":6},"end":{"line":242,"column":7}},{"start":{"line":236,"column":13},"end":{"line":242,"column":7}}],"line":230},"18":{"loc":{"start":{"line":234,"column":50},"end":{"line":234,"column":72}},"type":"cond-expr","locations":[{"start":{"line":234,"column":67},"end":{"line":234,"column":68}},{"start":{"line":234,"column":71},"end":{"line":234,"column":72}}],"line":234},"19":{"loc":{"start":{"line":240,"column":41},"end":{"line":240,"column":63}},"type":"cond-expr","locations":[{"start":{"line":240,"column":58},"end":{"line":240,"column":59}},{"start":{"line":240,"column":62},"end":{"line":240,"column":63}}],"line":240},"20":{"loc":{"start":{"line":260,"column":6},"end":{"line":260,"column":102}},"type":"if","locations":[{"start":{"line":260,"column":6},"end":{"line":260,"column":102}},{"start":{},"end":{}}],"line":260},"21":{"loc":{"start":{"line":273,"column":6},"end":{"line":275,"column":7}},"type":"if","locations":[{"start":{"line":273,"column":6},"end":{"line":275,"column":7}},{"start":{},"end":{}}],"line":273},"22":{"loc":{"start":{"line":273,"column":10},"end":{"line":273,"column":55}},"type":"binary-expr","locations":[{"start":{"line":273,"column":10},"end":{"line":273,"column":22}},{"start":{"line":273,"column":26},"end":{"line":273,"column":55}}],"line":273},"23":{"loc":{"start":{"line":300,"column":6},"end":{"line":302,"column":7}},"type":"if","locations":[{"start":{"line":300,"column":6},"end":{"line":302,"column":7}},{"start":{},"end":{}}],"line":300},"24":{"loc":{"start":{"line":300,"column":10},"end":{"line":300,"column":43}},"type":"binary-expr","locations":[{"start":{"line":300,"column":10},"end":{"line":300,"column":20}},{"start":{"line":300,"column":24},"end":{"line":300,"column":43}}],"line":300},"25":{"loc":{"start":{"line":306,"column":6},"end":{"line":308,"column":7}},"type":"if","locations":[{"start":{"line":306,"column":6},"end":{"line":308,"column":7}},{"start":{},"end":{}}],"line":306},"26":{"loc":{"start":{"line":329,"column":4},"end":{"line":361,"column":5}},"type":"if","locations":[{"start":{"line":329,"column":4},"end":{"line":361,"column":5}},{"start":{"line":342,"column":11},"end":{"line":361,"column":5}}],"line":329},"27":{"loc":{"start":{"line":367,"column":4},"end":{"line":369,"column":5}},"type":"if","locations":[{"start":{"line":367,"column":4},"end":{"line":369,"column":5}},{"start":{},"end":{}}],"line":367},"28":{"loc":{"start":{"line":378,"column":6},"end":{"line":378,"column":102}},"type":"if","locations":[{"start":{"line":378,"column":6},"end":{"line":378,"column":102}},{"start":{},"end":{}}],"line":378},"29":{"loc":{"start":{"line":391,"column":6},"end":{"line":393,"column":7}},"type":"if","locations":[{"start":{"line":391,"column":6},"end":{"line":393,"column":7}},{"start":{},"end":{}}],"line":391},"30":{"loc":{"start":{"line":391,"column":10},"end":{"line":391,"column":55}},"type":"binary-expr","locations":[{"start":{"line":391,"column":10},"end":{"line":391,"column":22}},{"start":{"line":391,"column":26},"end":{"line":391,"column":55}}],"line":391}},"s":{"0":0,"1":0,"2":0,"3":0,"4":0,"5":0,"6":0,"7":0,"8":0,"9":0,"10":0,"11":0,"12":0,"13":0,"14":0,"15":0,"16":0,"17":0,"18":0,"19":0,"20":0,"21":0,"22":0,"23":0,"24":0,"25":0,"26":0,"27":0,"28":0,"29":0,"30":0,"31":0,"32":0,"33":0,"34":0,"35":0,"36":0,"37":0,"38":0,"39":0,"40":0,"41":0,"42":0,"43":0,"44":0,"45":0,"46":0,"47":0,"48":0,"49":0,"50":0,"51":0,"52":0,"53":0,"54":0,"55":0,"56":0,"57":0,"58":0,"59":0,"60":0,"61":0,"62":0,"63":0,"64":0,"65":0,"66":0,"67":0,"68":0,"69":0,"70":0,"71":0,"72":0,"73":0,"74":0,"75":0,"76":0,"77":0,"78":0,"79":0,"80":0,"81":0,"82":0,"83":0,"84":0,"85":0,"86":0,"87":0,"88":0,"89":0,"90":0,"91":0,"92":0,"93":0,"94":0,"95":0,"96":0,"97":0,"98":0,"99":0,"100":0,"101":0,"102":0,"103":0,"104":0,"105":0,"106":0,"107":0,"108":0,"109":0,"110":0,"111":0,"112":0,"113":0,"114":0},"f":{"0":0,"1":0,"2":0,"3":0,"4":0,"5":0,"6":0,"7":0,"8":0,"9":0,"10":0,"11":0,"12":0,"13":0},"b":{"0":[0,0,0],"1":[0,0],"2":[0,0,0],"3":[0,0],"4":[0,0],"5":[0,0],"6":[0,0],"7":[0,0],"8":[0,0],"9":[0,0],"10":[0,0],"11":[0,0],"12":[0,0],"13":[0,0],"14":[0,0],"15":[0,0],"16":[0,0],"17":[0,0],"18":[0,0],"19":[0,0],"20":[0,0],"21":[0,0],"22":[0,0],"23":[0,0],"24":[0,0],"25":[0,0],"26":[0,0],"27":[0,0],"28":[0,0],"29":[0,0],"30":[0,0]}}
,"/Users/hassan/Downloads/smart-reminder/remindme-pro/src/types/database.ts": {"path":"/Users/hassan/Downloads/smart-reminder/remindme-pro/src/types/database.ts","statementMap":{},"fnMap":{},"branchMap":{},"s":{},"f":{},"b":{}}
,"/Users/hassan/Downloads/smart-reminder/remindme-pro/src/types/supabase.ts": {"path":"/Users/hassan/Downloads/smart-reminder/remindme-pro/src/types/supabase.ts","statementMap":{},"fnMap":{},"branchMap":{},"s":{},"f":{},"b":{}}
}
