TN:
SF:src/components/location/LocationPicker.tsx
FN:69,LocationPicker
FN:93,(anonymous_1)
FN:100,(anonymous_2)
FN:109,(anonymous_3)
FN:143,(anonymous_4)
FN:155,(anonymous_5)
FN:191,(anonymous_6)
FN:205,(anonymous_7)
FN:255,(anonymous_8)
FN:283,(anonymous_9)
FN:313,(anonymous_10)
FN:319,(anonymous_11)
FN:337,(anonymous_12)
FN:344,(anonymous_13)
FN:372,(anonymous_14)
FN:376,(anonymous_15)
FN:450,(anonymous_16)
FN:463,(anonymous_17)
FNF:18
FNH:0
FNDA:0,LocationPicker
FNDA:0,(anonymous_1)
FNDA:0,(anonymous_2)
FNDA:0,(anonymous_3)
FNDA:0,(anonymous_4)
FNDA:0,(anonymous_5)
FNDA:0,(anonymous_6)
FNDA:0,(anonymous_7)
FNDA:0,(anonymous_8)
FNDA:0,(anonymous_9)
FNDA:0,(anonymous_10)
FNDA:0,(anonymous_11)
FNDA:0,(anonymous_12)
FNDA:0,(anonymous_13)
FNDA:0,(anonymous_14)
FNDA:0,(anonymous_15)
FNDA:0,(anonymous_16)
FNDA:0,(anonymous_17)
DA:65,0
DA:67,0
DA:70,0
DA:71,0
DA:72,0
DA:73,0
DA:74,0
DA:83,0
DA:84,0
DA:90,0
DA:93,0
DA:94,0
DA:95,0
DA:100,0
DA:101,0
DA:102,0
DA:109,0
DA:110,0
DA:111,0
DA:112,0
DA:113,0
DA:114,0
DA:115,0
DA:116,0
DA:119,0
DA:123,0
DA:130,0
DA:131,0
DA:133,0
DA:135,0
DA:140,0
DA:143,0
DA:144,0
DA:145,0
DA:146,0
DA:150,0
DA:151,0
DA:155,0
DA:156,0
DA:157,0
DA:158,0
DA:159,0
DA:160,0
DA:164,0
DA:173,0
DA:183,0
DA:184,0
DA:185,0
DA:186,0
DA:189,0
DA:191,0
DA:193,0
DA:196,0
DA:197,0
DA:198,0
DA:199,0
DA:205,0
DA:208,0
DA:220,0
DA:222,0
DA:224,0
DA:225,0
DA:226,0
DA:227,0
DA:228,0
DA:230,0
DA:231,0
DA:232,0
DA:242,0
DA:248,0
DA:250,0
DA:255,0
DA:256,0
DA:257,0
DA:258,0
DA:261,0
DA:262,0
DA:264,0
DA:270,0
DA:272,0
DA:279,0
DA:280,0
DA:283,0
DA:284,0
DA:286,0
DA:287,0
DA:288,0
DA:290,0
DA:291,0
DA:292,0
DA:297,0
DA:302,0
DA:304,0
DA:305,0
DA:313,0
DA:314,0
DA:315,0
DA:316,0
DA:319,0
DA:320,0
DA:321,0
DA:323,0
DA:326,0
DA:338,0
DA:339,0
DA:345,0
DA:346,0
DA:373,0
DA:376,0
DA:450,0
DA:463,0
DA:493,0
LF:112
LH:0
BRDA:65,0,0,0
BRDA:65,0,1,0
BRDA:78,1,0,0
BRDA:78,1,1,0
BRDA:81,2,0,0
BRDA:81,2,1,0
BRDA:83,3,0,0
BRDA:83,3,1,0
BRDA:85,4,0,0
BRDA:85,4,1,0
BRDA:86,5,0,0
BRDA:86,5,1,0
BRDA:94,6,0,0
BRDA:94,6,1,0
BRDA:101,7,0,0
BRDA:101,7,1,0
BRDA:113,8,0,0
BRDA:113,8,1,0
BRDA:144,9,0,0
BRDA:144,9,1,0
BRDA:150,10,0,0
BRDA:150,10,1,0
BRDA:158,11,0,0
BRDA:158,11,1,0
BRDA:183,12,0,0
BRDA:183,12,1,0
BRDA:193,13,0,0
BRDA:193,13,1,0
BRDA:193,13,2,0
BRDA:193,13,3,0
BRDA:196,14,0,0
BRDA:196,14,1,0
BRDA:197,15,0,0
BRDA:197,15,1,0
BRDA:197,16,0,0
BRDA:197,16,1,0
BRDA:202,17,0,0
BRDA:202,17,1,0
BRDA:202,17,2,0
BRDA:205,18,0,0
BRDA:205,18,1,0
BRDA:226,19,0,0
BRDA:226,19,1,0
BRDA:230,20,0,0
BRDA:230,20,1,0
BRDA:238,21,0,0
BRDA:238,21,1,0
BRDA:238,21,2,0
BRDA:290,22,0,0
BRDA:290,22,1,0
BRDA:292,23,0,0
BRDA:292,23,1,0
BRDA:292,23,2,0
BRDA:292,23,3,0
BRDA:320,24,0,0
BRDA:320,24,1,0
BRDA:342,25,0,0
BRDA:342,25,1,0
BRDA:365,26,0,0
BRDA:365,26,1,0
BRDA:398,27,0,0
BRDA:398,27,1,0
BRDA:407,28,0,0
BRDA:407,28,1,0
BRDA:413,29,0,0
BRDA:413,29,1,0
BRDA:438,30,0,0
BRDA:438,30,1,0
BRDA:438,30,2,0
BRDA:451,31,0,0
BRDA:451,31,1,0
BRDA:455,32,0,0
BRDA:455,32,1,0
BRDA:464,33,0,0
BRDA:464,33,1,0
BRDA:468,34,0,0
BRDA:468,34,1,0
BRDA:474,35,0,0
BRDA:474,35,1,0
BRF:79
BRH:0
end_of_record
TN:
SF:src/components/reminders/ReminderCard.tsx
FN:28,ReminderCard
FN:33,(anonymous_1)
FN:57,(anonymous_2)
FNF:3
FNH:0
FNDA:0,ReminderCard
FNDA:0,(anonymous_1)
FNDA:0,(anonymous_2)
DA:16,0
DA:22,0
DA:29,0
DA:30,0
DA:31,0
DA:33,0
DA:34,0
DA:35,0
DA:36,0
DA:37,0
DA:38,0
DA:41,0
DA:58,0
DA:59,0
DA:60,0
DA:142,0
LF:16
LH:0
BRDA:31,0,0,0
BRDA:31,0,1,0
BRDA:31,0,2,0
BRDA:34,1,0,0
BRDA:34,1,1,0
BRDA:36,2,0,0
BRDA:36,2,1,0
BRDA:37,3,0,0
BRDA:37,3,1,0
BRDA:46,4,0,0
BRDA:46,4,1,0
BRDA:47,5,0,0
BRDA:47,5,1,0
BRDA:59,6,0,0
BRDA:59,6,1,0
BRDA:65,7,0,0
BRDA:65,7,1,0
BRDA:68,8,0,0
BRDA:68,8,1,0
BRDA:78,9,0,0
BRDA:78,9,1,0
BRDA:85,10,0,0
BRDA:85,10,1,0
BRDA:94,11,0,0
BRDA:94,11,1,0
BRDA:94,11,2,0
BRDA:95,12,0,0
BRDA:95,12,1,0
BRDA:96,13,0,0
BRDA:96,13,1,0
BRDA:97,14,0,0
BRDA:97,14,1,0
BRDA:104,15,0,0
BRDA:104,15,1,0
BRDA:108,16,0,0
BRDA:108,16,1,0
BRDA:123,17,0,0
BRDA:123,17,1,0
BRDA:130,18,0,0
BRDA:130,18,1,0
BRDA:130,18,2,0
BRF:41
BRH:0
end_of_record
TN:
SF:src/components/ui/Badge.tsx
FN:34,Badge
FNF:1
FNH:0
FNDA:0,Badge
DA:11,0
DA:35,0
DA:37,0
DA:46,0
LF:4
LH:0
BRDA:34,0,0,0
BRF:1
BRH:0
end_of_record
TN:
SF:src/components/ui/Button.tsx
FN:15,Button
FNF:1
FNH:0
FNDA:0,Button
DA:25,0
DA:33,0
DA:39,0
DA:61,0
LF:4
LH:0
BRDA:18,0,0,0
BRDA:19,1,0,0
BRDA:20,2,0,0
BRDA:21,3,0,0
BRDA:29,4,0,0
BRDA:29,4,1,0
BRDA:29,4,2,0
BRDA:42,5,0,0
BRDA:42,5,1,0
BRDA:46,6,0,0
BRDA:46,6,1,0
BRDA:48,7,0,0
BRDA:48,7,1,0
BRDA:48,8,0,0
BRDA:48,8,1,0
BRF:15
BRH:0
end_of_record
TN:
SF:src/components/ui/Card.tsx
FN:10,Card
FNF:1
FNH:0
FNDA:0,Card
DA:11,0
DA:12,0
DA:23,0
DA:26,0
LF:4
LH:0
BRDA:11,0,0,0
BRDA:11,0,1,0
BRF:2
BRH:0
end_of_record
TN:
SF:src/components/ui/Input.tsx
FN:10,Input
FNF:1
FNH:0
FNDA:0,Input
DA:17,0
DA:38,0
LF:2
LH:0
BRDA:19,0,0,0
BRDA:19,0,1,0
BRDA:21,1,0,0
BRDA:21,1,1,0
BRDA:25,2,0,0
BRDA:25,2,1,0
BRDA:26,3,0,0
BRDA:26,3,1,0
BRDA:33,4,0,0
BRDA:33,4,1,0
BRF:10
BRH:0
end_of_record
TN:
SF:src/components/ui/index.ts
FNF:0
FNH:0
LF:0
LH:0
BRF:0
BRH:0
end_of_record
TN:
SF:src/hooks/useReminders.ts
FN:9,syncReminderToCloud
FN:32,useReminders
FN:37,(anonymous_2)
FN:42,useActiveReminders
FN:47,(anonymous_4)
FN:52,useTodayReminders
FN:57,(anonymous_6)
FN:62,useReminder
FN:65,(anonymous_8)
FN:70,useCreateReminder
FN:75,(anonymous_10)
FN:120,(anonymous_11)
FN:126,useUpdateReminder
FN:131,(anonymous_13)
FN:180,(anonymous_14)
FN:187,useCompleteReminder
FN:192,(anonymous_16)
FN:235,(anonymous_17)
FN:241,useDeleteReminder
FN:246,(anonymous_19)
FN:264,(anonymous_20)
FN:270,useReminderCount
FN:275,(anonymous_22)
FNF:23
FNH:0
FNDA:0,syncReminderToCloud
FNDA:0,useReminders
FNDA:0,(anonymous_2)
FNDA:0,useActiveReminders
FNDA:0,(anonymous_4)
FNDA:0,useTodayReminders
FNDA:0,(anonymous_6)
FNDA:0,useReminder
FNDA:0,(anonymous_8)
FNDA:0,useCreateReminder
FNDA:0,(anonymous_10)
FNDA:0,(anonymous_11)
FNDA:0,useUpdateReminder
FNDA:0,(anonymous_13)
FNDA:0,(anonymous_14)
FNDA:0,useCompleteReminder
FNDA:0,(anonymous_16)
FNDA:0,(anonymous_17)
FNDA:0,useDeleteReminder
FNDA:0,(anonymous_19)
FNDA:0,(anonymous_20)
FNDA:0,useReminderCount
FNDA:0,(anonymous_22)
DA:16,0
DA:18,0
DA:20,0
DA:23,0
DA:24,0
DA:25,0
DA:28,0
DA:33,0
DA:35,0
DA:37,0
DA:43,0
DA:45,0
DA:47,0
DA:53,0
DA:55,0
DA:57,0
DA:63,0
DA:65,0
DA:71,0
DA:72,0
DA:74,0
DA:76,0
DA:79,0
DA:80,0
DA:81,0
DA:82,0
DA:83,0
DA:88,0
DA:118,0
DA:121,0
DA:127,0
DA:128,0
DA:130,0
DA:132,0
DA:135,0
DA:136,0
DA:137,0
DA:139,0
DA:140,0
DA:141,0
DA:142,0
DA:148,0
DA:178,0
DA:181,0
DA:182,0
DA:188,0
DA:189,0
DA:191,0
DA:193,0
DA:196,0
DA:197,0
DA:200,0
DA:203,0
DA:233,0
DA:236,0
DA:242,0
DA:243,0
DA:245,0
DA:247,0
DA:250,0
DA:251,0
DA:254,0
DA:257,0
DA:265,0
DA:271,0
DA:273,0
DA:275,0
LF:67
LH:0
BRDA:16,0,0,0
BRDA:16,0,1,0
BRDA:24,1,0,0
BRDA:24,1,1,0
BRDA:79,2,0,0
BRDA:79,2,1,0
BRDA:79,3,0,0
BRDA:79,3,1,0
BRDA:81,4,0,0
BRDA:81,4,1,0
BRDA:135,5,0,0
BRDA:135,5,1,0
BRDA:135,6,0,0
BRDA:135,6,1,0
BRDA:135,6,2,0
BRDA:136,7,0,0
BRDA:136,7,1,0
BRDA:139,8,0,0
BRDA:139,8,1,0
BRDA:139,9,0,0
BRDA:139,9,1,0
BRDA:139,9,2,0
BRDA:141,10,0,0
BRDA:141,10,1,0
BRDA:196,11,0,0
BRDA:196,11,1,0
BRDA:250,12,0,0
BRDA:250,12,1,0
BRF:28
BRH:0
end_of_record
TN:
SF:src/lib/mappers.ts
FN:4,mapReminderFromDb
FN:40,mapReminderToDb
FNF:2
FNH:0
FNDA:0,mapReminderFromDb
FNDA:0,mapReminderToDb
DA:5,0
DA:41,0
DA:43,0
DA:44,0
DA:45,0
DA:46,0
DA:47,0
DA:48,0
DA:49,0
DA:50,0
DA:51,0
DA:52,0
DA:53,0
DA:54,0
DA:55,0
DA:56,0
DA:57,0
DA:58,0
DA:59,0
DA:60,0
DA:61,0
DA:62,0
DA:63,0
DA:64,0
DA:65,0
DA:66,0
DA:67,0
DA:68,0
DA:69,0
DA:70,0
DA:71,0
DA:72,0
DA:74,0
LF:33
LH:0
BRDA:16,0,0,0
BRDA:16,0,1,0
BRDA:20,1,0,0
BRDA:20,1,1,0
BRDA:26,2,0,0
BRDA:26,2,1,0
BRDA:43,3,0,0
BRDA:43,3,1,0
BRDA:44,4,0,0
BRDA:44,4,1,0
BRDA:45,5,0,0
BRDA:45,5,1,0
BRDA:46,6,0,0
BRDA:46,6,1,0
BRDA:47,7,0,0
BRDA:47,7,1,0
BRDA:48,8,0,0
BRDA:48,8,1,0
BRDA:49,9,0,0
BRDA:49,9,1,0
BRDA:50,10,0,0
BRDA:50,10,1,0
BRDA:51,11,0,0
BRDA:51,11,1,0
BRDA:52,12,0,0
BRDA:52,12,1,0
BRDA:53,13,0,0
BRDA:53,13,1,0
BRDA:54,14,0,0
BRDA:54,14,1,0
BRDA:55,15,0,0
BRDA:55,15,1,0
BRDA:56,16,0,0
BRDA:56,16,1,0
BRDA:56,17,0,0
BRDA:56,17,1,0
BRDA:57,18,0,0
BRDA:57,18,1,0
BRDA:58,19,0,0
BRDA:58,19,1,0
BRDA:59,20,0,0
BRDA:59,20,1,0
BRDA:60,21,0,0
BRDA:60,21,1,0
BRDA:61,22,0,0
BRDA:61,22,1,0
BRDA:62,23,0,0
BRDA:62,23,1,0
BRDA:63,24,0,0
BRDA:63,24,1,0
BRDA:64,25,0,0
BRDA:64,25,1,0
BRDA:64,26,0,0
BRDA:64,26,1,0
BRDA:65,27,0,0
BRDA:65,27,1,0
BRDA:65,28,0,0
BRDA:65,28,1,0
BRDA:66,29,0,0
BRDA:66,29,1,0
BRDA:67,30,0,0
BRDA:67,30,1,0
BRDA:68,31,0,0
BRDA:68,31,1,0
BRDA:69,32,0,0
BRDA:69,32,1,0
BRDA:70,33,0,0
BRDA:70,33,1,0
BRDA:70,34,0,0
BRDA:70,34,1,0
BRDA:71,35,0,0
BRDA:71,35,1,0
BRDA:72,36,0,0
BRDA:72,36,1,0
BRF:74
BRH:0
end_of_record
TN:
SF:src/lib/utils.ts
FN:4,cn
FN:8,generateId
FN:9,(anonymous_2)
FN:16,formatAddress
FN:32,sleep
FN:33,(anonymous_5)
FNF:6
FNH:0
FNDA:0,cn
FNDA:0,generateId
FNDA:0,(anonymous_2)
FNDA:0,formatAddress
FNDA:0,sleep
FNDA:0,(anonymous_5)
DA:5,0
DA:9,0
DA:10,0
DA:11,0
DA:12,0
DA:22,0
DA:29,0
DA:33,0
LF:8
LH:0
BRDA:11,0,0,0
BRDA:11,0,1,0
BRF:2
BRH:0
end_of_record
TN:
SF:src/repositories/reminderRepository.ts
FN:8,(anonymous_0)
FN:20,(anonymous_1)
FN:33,(anonymous_2)
FN:58,(anonymous_3)
FN:68,(anonymous_4)
FN:109,(anonymous_5)
FN:120,(anonymous_6)
FN:135,(anonymous_7)
FN:150,(anonymous_8)
FN:159,(anonymous_9)
FN:169,(anonymous_10)
FN:178,(anonymous_11)
FN:187,(anonymous_12)
FNF:13
FNH:0
FNDA:0,(anonymous_0)
FNDA:0,(anonymous_1)
FNDA:0,(anonymous_2)
FNDA:0,(anonymous_3)
FNDA:0,(anonymous_4)
FNDA:0,(anonymous_5)
FNDA:0,(anonymous_6)
FNDA:0,(anonymous_7)
FNDA:0,(anonymous_8)
FNDA:0,(anonymous_9)
FNDA:0,(anonymous_10)
FNDA:0,(anonymous_11)
FNDA:0,(anonymous_12)
DA:6,0
DA:9,0
DA:10,0
DA:16,0
DA:21,0
DA:22,0
DA:29,0
DA:34,0
DA:35,0
DA:36,0
DA:37,0
DA:38,0
DA:40,0
DA:54,0
DA:59,0
DA:60,0
DA:64,0
DA:69,0
DA:70,0
DA:71,0
DA:73,0
DA:107,0
DA:108,0
DA:109,0
DA:111,0
DA:116,0
DA:121,0
DA:122,0
DA:124,0
DA:125,0
DA:128,0
DA:133,0
DA:134,0
DA:135,0
DA:138,0
DA:143,0
DA:144,0
DA:146,0
DA:151,0
DA:160,0
DA:162,0
DA:170,0
DA:171,0
DA:179,0
DA:180,0
DA:188,0
DA:189,0
DA:194,0
LF:48
LH:0
BRDA:64,0,0,0
BRDA:64,0,1,0
BRDA:77,1,0,0
BRDA:77,1,1,0
BRDA:79,2,0,0
BRDA:79,2,1,0
BRDA:80,3,0,0
BRDA:80,3,1,0
BRDA:81,4,0,0
BRDA:81,4,1,0
BRDA:82,5,0,0
BRDA:82,5,1,0
BRDA:83,6,0,0
BRDA:83,6,1,0
BRDA:84,7,0,0
BRDA:84,7,1,0
BRDA:85,8,0,0
BRDA:85,8,1,0
BRDA:86,9,0,0
BRDA:86,9,1,0
BRDA:87,10,0,0
BRDA:87,10,1,0
BRDA:88,11,0,0
BRDA:88,11,1,0
BRDA:89,12,0,0
BRDA:89,12,1,0
BRDA:90,13,0,0
BRDA:90,13,1,0
BRDA:91,14,0,0
BRDA:91,14,1,0
BRDA:92,15,0,0
BRDA:92,15,1,0
BRDA:93,16,0,0
BRDA:93,16,1,0
BRDA:94,17,0,0
BRDA:94,17,1,0
BRDA:124,18,0,0
BRDA:124,18,1,0
BRDA:144,19,0,0
BRDA:144,19,1,0
BRDA:194,20,0,0
BRDA:194,20,1,0
BRF:42
BRH:0
end_of_record
TN:
SF:src/services/database/migrations.ts
FN:5,runMigrations
FN:22,migration001
FN:155,migration002
FNF:3
FNH:0
FNDA:0,runMigrations
FNDA:0,migration001
FNDA:0,migration002
DA:3,0
DA:6,0
DA:9,0
DA:11,0
DA:12,0
DA:15,0
DA:16,0
DA:19,0
DA:23,0
DA:156,0
LF:10
LH:0
BRDA:9,0,0,0
BRDA:9,0,1,0
BRDA:11,1,0,0
BRDA:11,1,1,0
BRDA:15,2,0,0
BRDA:15,2,1,0
BRF:6
BRH:0
end_of_record
TN:
SF:src/services/database/sqlite.ts
FN:6,getDatabase
FN:14,closeDatabase
FN:22,initializeDatabase
FNF:3
FNH:0
FNDA:0,getDatabase
FNDA:0,closeDatabase
FNDA:0,initializeDatabase
DA:4,0
DA:7,0
DA:8,0
DA:9,0
DA:11,0
DA:15,0
DA:16,0
DA:17,0
DA:23,0
LF:9
LH:0
BRDA:7,0,0,0
BRDA:7,0,1,0
BRDA:15,1,0,0
BRDA:15,1,1,0
BRF:4
BRH:0
end_of_record
TN:
SF:src/services/location/geofencing.ts
FN:27,defineGeofencingTask
FN:28,(anonymous_1)
FN:50,handleGeofenceEvent
FN:127,startGeofencing
FN:170,stopGeofencing
FN:180,(anonymous_5)
FN:207,stopAllGeofencing
FN:221,getActiveGeofenceRegions
FN:240,(anonymous_8)
FN:253,refreshAllGeofences
FN:278,isGeofencingAvailable
FN:292,isGeofencingRunning
FNF:12
FNH:0
FNDA:0,defineGeofencingTask
FNDA:0,(anonymous_1)
FNDA:0,handleGeofenceEvent
FNDA:0,startGeofencing
FNDA:0,stopGeofencing
FNDA:0,(anonymous_5)
FNDA:0,stopAllGeofencing
FNDA:0,getActiveGeofenceRegions
FNDA:0,(anonymous_8)
FNDA:0,refreshAllGeofences
FNDA:0,isGeofencingAvailable
FNDA:0,isGeofencingRunning
DA:7,0
DA:28,0
DA:29,0
DA:30,0
DA:31,0
DA:34,0
DA:35,0
DA:37,0
DA:39,0
DA:40,0
DA:42,0
DA:54,0
DA:56,0
DA:57,0
DA:61,0
DA:62,0
DA:76,0
DA:78,0
DA:79,0
DA:84,0
DA:88,0
DA:89,0
DA:93,0
DA:94,0
DA:96,0
DA:104,0
DA:115,0
DA:116,0
DA:120,0
DA:135,0
DA:136,0
DA:137,0
DA:138,0
DA:141,0
DA:150,0
DA:151,0
DA:154,0
DA:155,0
DA:160,0
DA:162,0
DA:163,0
DA:171,0
DA:173,0
DA:174,0
DA:179,0
DA:180,0
DA:183,0
DA:185,0
DA:186,0
DA:190,0
DA:194,0
DA:195,0
DA:200,0
DA:208,0
DA:209,0
DA:210,0
DA:211,0
DA:214,0
DA:222,0
DA:223,0
DA:240,0
DA:254,0
DA:255,0
DA:256,0
DA:257,0
DA:258,0
DA:261,0
DA:263,0
DA:264,0
DA:265,0
DA:268,0
DA:269,0
DA:271,0
DA:279,0
DA:282,0
DA:283,0
DA:285,0
DA:293,0
DA:294,0
DA:296,0
LF:80
LH:0
BRDA:29,0,0,0
BRDA:29,0,1,0
BRDA:35,1,0,0
BRDA:35,1,1,0
BRDA:56,2,0,0
BRDA:56,2,1,0
BRDA:76,3,0,0
BRDA:76,3,1,0
BRDA:84,4,0,0
BRDA:84,4,1,0
BRDA:84,4,2,0
BRDA:84,4,3,0
BRDA:84,4,4,0
BRDA:88,5,0,0
BRDA:88,5,1,0
BRDA:93,6,0,0
BRDA:93,6,1,0
BRDA:94,7,0,0
BRDA:94,7,1,0
BRDA:110,8,0,0
BRDA:110,8,1,0
BRDA:115,9,0,0
BRDA:115,9,1,0
BRDA:131,10,0,0
BRDA:132,11,0,0
BRDA:136,12,0,0
BRDA:136,12,1,0
BRDA:146,13,0,0
BRDA:146,13,1,0
BRDA:147,14,0,0
BRDA:147,14,1,0
BRDA:174,15,0,0
BRDA:174,15,1,0
BRDA:183,16,0,0
BRDA:183,16,1,0
BRDA:185,17,0,0
BRDA:185,17,1,0
BRDA:210,18,0,0
BRDA:210,18,1,0
BRDA:245,19,0,0
BRDA:245,19,1,0
BRDA:246,20,0,0
BRDA:246,20,1,0
BRDA:256,21,0,0
BRDA:256,21,1,0
BRDA:263,22,0,0
BRDA:263,22,1,0
BRF:47
BRH:0
end_of_record
TN:
SF:src/services/location/index.ts
FNF:0
FNH:0
LF:0
LH:0
BRF:0
BRH:0
end_of_record
TN:
SF:src/services/location/permissions.ts
FN:20,getLocationPermissionStatus
FN:35,requestForegroundLocationPermission
FN:50,requestBackgroundLocationPermission
FN:76,requestGeofencingPermissions
FN:99,getCurrentLocation
FN:120,getLastKnownLocation
FN:139,isLocationServicesEnabled
FN:146,openLocationSettings
FN:157,promptEnableLocationServices
FN:158,(anonymous_9)
FN:165,(anonymous_10)
FN:170,(anonymous_11)
FN:183,showBackgroundPermissionExplanation
FN:184,(anonymous_13)
FN:191,(anonymous_14)
FN:196,(anonymous_15)
FN:206,promptLocationPermissionDenied
FN:226,mapPermissionStatus
FNF:18
FNH:0
FNDA:0,getLocationPermissionStatus
FNDA:0,requestForegroundLocationPermission
FNDA:0,requestBackgroundLocationPermission
FNDA:0,requestGeofencingPermissions
FNDA:0,getCurrentLocation
FNDA:0,getLastKnownLocation
FNDA:0,isLocationServicesEnabled
FNDA:0,openLocationSettings
FNDA:0,promptEnableLocationServices
FNDA:0,(anonymous_9)
FNDA:0,(anonymous_10)
FNDA:0,(anonymous_11)
FNDA:0,showBackgroundPermissionExplanation
FNDA:0,(anonymous_13)
FNDA:0,(anonymous_14)
FNDA:0,(anonymous_15)
FNDA:0,promptLocationPermissionDenied
FNDA:0,mapPermissionStatus
DA:21,0
DA:22,0
DA:24,0
DA:36,0
DA:38,0
DA:39,0
DA:42,0
DA:43,0
DA:52,0
DA:53,0
DA:54,0
DA:57,0
DA:59,0
DA:60,0
DA:64,0
DA:65,0
DA:66,0
DA:69,0
DA:70,0
DA:81,0
DA:83,0
DA:84,0
DA:87,0
DA:89,0
DA:100,0
DA:102,0
DA:103,0
DA:106,0
DA:107,0
DA:110,0
DA:112,0
DA:113,0
DA:121,0
DA:123,0
DA:124,0
DA:127,0
DA:128,0
DA:129,0
DA:131,0
DA:132,0
DA:140,0
DA:147,0
DA:148,0
DA:150,0
DA:158,0
DA:159,0
DA:165,0
DA:171,0
DA:172,0
DA:184,0
DA:185,0
DA:191,0
DA:196,0
DA:207,0
DA:227,0
DA:229,0
DA:231,0
DA:233,0
DA:235,0
LF:59
LH:0
BRDA:38,0,0,0
BRDA:38,0,1,0
BRDA:53,1,0,0
BRDA:53,1,1,0
BRDA:59,2,0,0
BRDA:59,2,1,0
BRDA:65,3,0,0
BRDA:65,3,1,0
BRDA:83,4,0,0
BRDA:83,4,1,0
BRDA:90,5,0,0
BRDA:90,5,1,0
BRDA:102,6,0,0
BRDA:102,6,1,0
BRDA:123,7,0,0
BRDA:123,7,1,0
BRDA:147,8,0,0
BRDA:147,8,1,0
BRDA:227,9,0,0
BRDA:227,9,1,0
BRDA:227,9,2,0
BRDA:227,9,3,0
BRF:22
BRH:0
end_of_record
TN:
SF:src/services/notifications/handlers.ts
FN:14,setupNotificationHandlers
FN:17,(anonymous_1)
FN:25,(anonymous_2)
FN:50,(anonymous_3)
FN:56,handleComplete
FN:64,handleSnooze
FNF:6
FNH:0
FNDA:0,setupNotificationHandlers
FNDA:0,(anonymous_1)
FNDA:0,(anonymous_2)
FNDA:0,(anonymous_3)
FNDA:0,handleComplete
FNDA:0,handleSnooze
DA:16,0
DA:18,0
DA:24,0
DA:26,0
DA:27,0
DA:29,0
DA:31,0
DA:33,0
DA:35,0
DA:36,0
DA:39,0
DA:40,0
DA:44,0
DA:45,0
DA:50,0
DA:51,0
DA:52,0
DA:57,0
DA:58,0
DA:60,0
DA:65,0
DA:66,0
DA:68,0
LF:23
LH:0
BRDA:29,0,0,0
BRDA:29,0,1,0
BRDA:33,1,0,0
BRDA:33,1,1,0
BRDA:33,1,2,0
BRF:5
BRH:0
end_of_record
TN:
SF:src/services/notifications/scheduler.ts
FN:9,scheduleNotification
FN:29,(anonymous_1)
FN:78,(anonymous_2)
FN:85,(anonymous_3)
FN:92,(anonymous_4)
FN:96,(anonymous_5)
FN:107,(anonymous_6)
FN:117,(anonymous_7)
FN:144,(anonymous_8)
FN:148,(anonymous_9)
FNF:10
FNH:0
FNDA:0,scheduleNotification
FNDA:0,(anonymous_1)
FNDA:0,(anonymous_2)
FNDA:0,(anonymous_3)
FNDA:0,(anonymous_4)
FNDA:0,(anonymous_5)
FNDA:0,(anonymous_6)
FNDA:0,(anonymous_7)
FNDA:0,(anonymous_8)
FNDA:0,(anonymous_9)
DA:15,0
DA:28,0
DA:30,0
DA:32,0
DA:35,0
DA:36,0
DA:39,0
DA:42,0
DA:43,0
DA:46,0
DA:48,0
DA:75,0
DA:79,0
DA:80,0
DA:82,0
DA:86,0
DA:87,0
DA:89,0
DA:93,0
DA:97,0
DA:99,0
DA:100,0
DA:101,0
DA:102,0
DA:109,0
DA:110,0
DA:114,0
DA:118,0
DA:119,0
DA:124,0
DA:125,0
DA:127,0
DA:145,0
DA:149,0
LF:34
LH:0
BRDA:30,0,0,0
BRDA:30,0,1,0
BRDA:35,1,0,0
BRDA:35,1,1,0
BRDA:42,2,0,0
BRDA:42,2,1,0
BRDA:46,3,0,0
BRDA:46,3,1,0
BRDA:51,4,0,0
BRDA:51,4,1,0
BRDA:59,5,0,0
BRDA:59,5,1,0
BRDA:63,6,0,0
BRDA:63,6,1,0
BRDA:79,7,0,0
BRDA:79,7,1,0
BRDA:86,8,0,0
BRDA:86,8,1,0
BRDA:89,9,0,0
BRDA:89,9,1,0
BRDA:101,10,0,0
BRDA:101,10,1,0
BRDA:109,11,0,0
BRDA:109,11,1,0
BRDA:117,12,0,0
BRDA:129,13,0,0
BRDA:129,13,1,0
BRF:27
BRH:0
end_of_record
TN:
SF:src/services/notifications/setup.ts
FN:4,setupNotifications
FN:20,(anonymous_1)
FNF:2
FNH:0
FNDA:0,setupNotifications
FNDA:0,(anonymous_1)
DA:6,0
DA:7,0
DA:9,0
DA:10,0
DA:11,0
DA:14,0
DA:15,0
DA:19,0
DA:21,0
DA:23,0
DA:34,0
DA:35,0
DA:50,0
DA:51,0
DA:58,0
DA:67,0
LF:16
LH:0
BRDA:9,0,0,0
BRDA:9,0,1,0
BRDA:14,1,0,0
BRDA:14,1,1,0
BRDA:34,2,0,0
BRDA:34,2,1,0
BRDA:50,3,0,0
BRDA:50,3,1,0
BRF:8
BRH:0
end_of_record
TN:
SF:src/services/supabase/auth.ts
FN:5,(anonymous_0)
FN:18,(anonymous_1)
FN:28,(anonymous_2)
FN:34,(anonymous_3)
FN:41,(anonymous_4)
FN:48,(anonymous_5)
FN:54,(anonymous_6)
FN:62,(anonymous_7)
FNF:8
FNH:0
FNDA:0,(anonymous_0)
FNDA:0,(anonymous_1)
FNDA:0,(anonymous_2)
FNDA:0,(anonymous_3)
FNDA:0,(anonymous_4)
FNDA:0,(anonymous_5)
FNDA:0,(anonymous_6)
FNDA:0,(anonymous_7)
DA:3,0
DA:6,0
DA:13,0
DA:14,0
DA:19,0
DA:23,0
DA:24,0
DA:29,0
DA:30,0
DA:35,0
DA:36,0
DA:37,0
DA:42,0
DA:43,0
DA:44,0
DA:49,0
DA:50,0
DA:55,0
DA:58,0
DA:63,0
LF:20
LH:0
BRDA:13,0,0,0
BRDA:13,0,1,0
BRDA:23,1,0,0
BRDA:23,1,1,0
BRDA:30,2,0,0
BRDA:30,2,1,0
BRDA:36,3,0,0
BRDA:36,3,1,0
BRDA:43,4,0,0
BRDA:43,4,1,0
BRDA:50,5,0,0
BRDA:50,5,1,0
BRDA:58,6,0,0
BRDA:58,6,1,0
BRF:14
BRH:0
end_of_record
TN:
SF:src/services/supabase/client.ts
FNF:0
FNH:0
DA:5,0
DA:6,0
DA:8,0
LF:3
LH:0
BRF:0
BRH:0
end_of_record
TN:
SF:src/services/sync/index.ts
FNF:0
FNH:0
LF:0
LH:0
BRF:0
BRH:0
end_of_record
TN:
SF:src/services/sync/syncService.ts
FN:25,isGuestUser
FN:32,isConnected
FN:41,addToSyncQueue
FN:72,processSyncQueue
FN:145,syncReminder
FN:213,syncCategory
FN:254,syncSavedPlace
FN:296,pullFromCloud
FN:442,pushToCloud
FN:561,fullSync
FN:592,getPendingSyncCount
FN:603,clearFailedSyncItems
FNF:12
FNH:0
FNDA:0,isGuestUser
FNDA:0,isConnected
FNDA:0,addToSyncQueue
FNDA:0,processSyncQueue
FNDA:0,syncReminder
FNDA:0,syncCategory
FNDA:0,syncSavedPlace
FNDA:0,pullFromCloud
FNDA:0,pushToCloud
FNDA:0,fullSync
FNDA:0,getPendingSyncCount
FNDA:0,clearFailedSyncItems
DA:26,0
DA:33,0
DA:34,0
DA:49,0
DA:50,0
DA:51,0
DA:54,0
DA:55,0
DA:77,0
DA:78,0
DA:79,0
DA:83,0
DA:84,0
DA:85,0
DA:86,0
DA:89,0
DA:91,0
DA:96,0
DA:97,0
DA:100,0
DA:102,0
DA:103,0
DA:105,0
DA:106,0
DA:107,0
DA:109,0
DA:111,0
DA:112,0
DA:114,0
DA:115,0
DA:117,0
DA:118,0
DA:122,0
DA:123,0
DA:124,0
DA:126,0
DA:127,0
DA:130,0
DA:134,0
DA:138,0
DA:139,0
DA:151,0
DA:153,0
DA:156,0
DA:183,0
DA:188,0
DA:189,0
DA:190,0
DA:192,0
DA:196,0
DA:201,0
DA:202,0
DA:203,0
DA:205,0
DA:219,0
DA:222,0
DA:231,0
DA:235,0
DA:236,0
DA:240,0
DA:245,0
DA:246,0
DA:260,0
DA:263,0
DA:273,0
DA:277,0
DA:278,0
DA:282,0
DA:287,0
DA:288,0
DA:302,0
DA:303,0
DA:304,0
DA:308,0
DA:309,0
DA:310,0
DA:311,0
DA:314,0
DA:315,0
DA:316,0
DA:317,0
DA:320,0
DA:326,0
DA:327,0
DA:330,0
DA:331,0
DA:332,0
DA:370,0
DA:375,0
DA:380,0
DA:381,0
DA:384,0
DA:385,0
DA:386,0
DA:400,0
DA:405,0
DA:410,0
DA:411,0
DA:414,0
DA:415,0
DA:416,0
DA:431,0
DA:435,0
DA:436,0
DA:448,0
DA:449,0
DA:450,0
DA:454,0
DA:455,0
DA:456,0
DA:457,0
DA:460,0
DA:461,0
DA:462,0
DA:463,0
DA:466,0
DA:471,0
DA:472,0
DA:499,0
DA:503,0
DA:504,0
DA:508,0
DA:513,0
DA:514,0
DA:523,0
DA:527,0
DA:531,0
DA:536,0
DA:537,0
DA:547,0
DA:551,0
DA:554,0
DA:555,0
DA:563,0
DA:564,0
DA:565,0
DA:569,0
DA:570,0
DA:571,0
DA:572,0
DA:575,0
DA:578,0
DA:581,0
DA:584,0
DA:586,0
DA:593,0
DA:594,0
DA:597,0
DA:604,0
DA:605,0
DA:606,0
LF:151
LH:0
BRDA:34,0,0,0
BRDA:34,0,1,0
BRDA:49,1,0,0
BRDA:49,1,1,0
BRDA:77,2,0,0
BRDA:77,2,1,0
BRDA:84,3,0,0
BRDA:84,3,1,0
BRDA:96,4,0,0
BRDA:96,4,1,0
BRDA:109,5,0,0
BRDA:109,5,1,0
BRDA:109,5,2,0
BRDA:126,6,0,0
BRDA:126,6,1,0
BRDA:126,6,2,0
BRDA:153,7,0,0
BRDA:153,7,1,0
BRDA:153,7,2,0
BRDA:166,8,0,0
BRDA:166,8,1,0
BRDA:169,9,0,0
BRDA:169,9,1,0
BRDA:170,10,0,0
BRDA:170,10,1,0
BRDA:176,11,0,0
BRDA:176,11,1,0
BRDA:177,12,0,0
BRDA:177,12,1,0
BRDA:180,13,0,0
BRDA:180,13,1,0
BRDA:188,14,0,0
BRDA:188,14,1,0
BRDA:201,15,0,0
BRDA:201,15,1,0
BRDA:219,16,0,0
BRDA:219,16,1,0
BRDA:219,16,2,0
BRDA:228,17,0,0
BRDA:228,17,1,0
BRDA:235,18,0,0
BRDA:235,18,1,0
BRDA:245,19,0,0
BRDA:245,19,1,0
BRDA:260,20,0,0
BRDA:260,20,1,0
BRDA:260,20,2,0
BRDA:277,21,0,0
BRDA:277,21,1,0
BRDA:287,22,0,0
BRDA:287,22,1,0
BRDA:302,23,0,0
BRDA:302,23,1,0
BRDA:309,24,0,0
BRDA:309,24,1,0
BRDA:326,25,0,0
BRDA:326,25,1,0
BRDA:330,26,0,0
BRDA:330,26,1,0
BRDA:354,27,0,0
BRDA:354,27,1,0
BRDA:362,28,0,0
BRDA:362,28,1,0
BRDA:363,29,0,0
BRDA:363,29,1,0
BRDA:365,30,0,0
BRDA:365,30,1,0
BRDA:380,31,0,0
BRDA:380,31,1,0
BRDA:384,32,0,0
BRDA:384,32,1,0
BRDA:410,33,0,0
BRDA:410,33,1,0
BRDA:414,34,0,0
BRDA:414,34,1,0
BRDA:448,35,0,0
BRDA:448,35,1,0
BRDA:455,36,0,0
BRDA:455,36,1,0
BRDA:482,37,0,0
BRDA:482,37,1,0
BRDA:486,38,0,0
BRDA:486,38,1,0
BRDA:492,39,0,0
BRDA:492,39,1,0
BRDA:503,40,0,0
BRDA:503,40,1,0
BRDA:520,41,0,0
BRDA:520,41,1,0
BRDA:527,42,0,0
BRDA:527,42,1,0
BRDA:551,43,0,0
BRDA:551,43,1,0
BRDA:563,44,0,0
BRDA:563,44,1,0
BRDA:570,45,0,0
BRDA:570,45,1,0
BRDA:597,46,0,0
BRDA:597,46,1,0
BRF:99
BRH:0
end_of_record
TN:
SF:src/stores/authStore.ts
FN:35,canSync
FN:39,mapSupabaseUser
FN:50,ensureUserProfile
FN:77,(anonymous_3)
FN:83,(anonymous_4)
FN:89,(anonymous_5)
FN:91,(anonymous_6)
FN:93,(anonymous_7)
FN:190,(anonymous_8)
FN:199,(anonymous_9)
FN:255,(anonymous_10)
FN:295,(anonymous_11)
FN:320,(anonymous_12)
FN:365,(anonymous_13)
FNF:14
FNH:0
FNDA:0,canSync
FNDA:0,mapSupabaseUser
FNDA:0,ensureUserProfile
FNDA:0,(anonymous_3)
FNDA:0,(anonymous_4)
FNDA:0,(anonymous_5)
FNDA:0,(anonymous_6)
FNDA:0,(anonymous_7)
FNDA:0,(anonymous_8)
FNDA:0,(anonymous_9)
FNDA:0,(anonymous_10)
FNDA:0,(anonymous_11)
FNDA:0,(anonymous_12)
FNDA:0,(anonymous_13)
DA:36,0
DA:40,0
DA:51,0
DA:53,0
DA:54,0
DA:60,0
DA:61,0
DA:68,0
DA:69,0
DA:73,0
DA:77,0
DA:83,0
DA:89,0
DA:91,0
DA:94,0
DA:96,0
DA:97,0
DA:98,0
DA:101,0
DA:103,0
DA:105,0
DA:108,0
DA:109,0
DA:112,0
DA:118,0
DA:119,0
DA:123,0
DA:130,0
DA:131,0
DA:137,0
DA:140,0
DA:148,0
DA:151,0
DA:164,0
DA:170,0
DA:171,0
DA:184,0
DA:190,0
DA:191,0
DA:194,0
DA:195,0
DA:200,0
DA:201,0
DA:202,0
DA:204,0
DA:206,0
DA:209,0
DA:212,0
DA:218,0
DA:219,0
DA:222,0
DA:225,0
DA:230,0
DA:232,0
DA:238,0
DA:244,0
DA:250,0
DA:251,0
DA:256,0
DA:257,0
DA:258,0
DA:260,0
DA:262,0
DA:263,0
DA:266,0
DA:273,0
DA:274,0
DA:278,0
DA:279,0
DA:284,0
DA:290,0
DA:291,0
DA:296,0
DA:297,0
DA:300,0
DA:301,0
DA:305,0
DA:306,0
DA:307,0
DA:310,0
DA:315,0
DA:316,0
DA:321,0
DA:324,0
DA:329,0
DA:331,0
DA:344,0
DA:345,0
DA:350,0
DA:366,0
DA:367,0
DA:368,0
DA:371,0
DA:372,0
DA:374,0
DA:376,0
DA:378,0
DA:380,0
DA:381,0
DA:384,0
DA:391,0
DA:392,0
DA:395,0
DA:398,0
DA:404,0
DA:410,0
DA:413,0
DA:418,0
DA:424,0
DA:425,0
LF:110
LH:0
BRDA:36,0,0,0
BRDA:36,0,1,0
BRDA:36,0,2,0
BRDA:42,1,0,0
BRDA:42,1,1,0
BRDA:43,2,0,0
BRDA:43,2,1,0
BRDA:43,2,2,0
BRDA:51,3,0,0
BRDA:51,3,1,0
BRDA:60,4,0,0
BRDA:60,4,1,0
BRDA:68,5,0,0
BRDA:68,5,1,0
BRDA:68,6,0,0
BRDA:68,6,1,0
BRDA:97,7,0,0
BRDA:97,7,1,0
BRDA:103,8,0,0
BRDA:103,8,1,0
BRDA:108,9,0,0
BRDA:108,9,1,0
BRDA:118,10,0,0
BRDA:118,10,1,0
BRDA:133,11,0,0
BRDA:133,11,1,0
BRDA:148,12,0,0
BRDA:148,12,1,0
BRDA:170,13,0,0
BRDA:170,13,1,0
BRDA:191,14,0,0
BRDA:191,14,1,0
BRDA:204,15,0,0
BRDA:204,15,1,0
BRDA:218,16,0,0
BRDA:218,16,1,0
BRDA:230,17,0,0
BRDA:230,17,1,0
BRDA:234,18,0,0
BRDA:234,18,1,0
BRDA:240,19,0,0
BRDA:240,19,1,0
BRDA:260,20,0,0
BRDA:260,20,1,0
BRDA:273,21,0,0
BRDA:273,21,1,0
BRDA:273,22,0,0
BRDA:273,22,1,0
BRDA:300,23,0,0
BRDA:300,23,1,0
BRDA:300,24,0,0
BRDA:300,24,1,0
BRDA:306,25,0,0
BRDA:306,25,1,0
BRDA:329,26,0,0
BRDA:329,26,1,0
BRDA:367,27,0,0
BRDA:367,27,1,0
BRDA:378,28,0,0
BRDA:378,28,1,0
BRDA:391,29,0,0
BRDA:391,29,1,0
BRDA:391,30,0,0
BRDA:391,30,1,0
BRF:64
BRH:0
end_of_record
TN:
SF:src/types/database.ts
FNF:0
FNH:0
LF:0
LH:0
BRF:0
BRH:0
end_of_record
TN:
SF:src/types/supabase.ts
FNF:0
FNH:0
LF:0
LH:0
BRF:0
BRH:0
end_of_record
